<?xml version="1.0" encoding="UTF-8"?>
<robot generator="Robot 7.3.2 (Python 3.12.3 on linux)" generated="2025-09-28T21:20:42.438837" rpa="false" schemaversion="5">
<suite id="s1" name="Network Validation" source="/mnt/c/Users/write/robot/robotframework/tests/test3/network_validation.robot">
<kw name="Initialize Test Environment" owner="network_keywords" type="SETUP">
<kw name="Get Current Date" owner="DateTime">
<msg time="2025-09-28T21:20:42.533146" level="INFO">${start_time} = 2025-09-28 21:20:42</msg>
<var>${start_time}</var>
<arg>result_format=%Y-%m-%d %H:%M:%S</arg>
<doc>Returns current local or UTC time with an optional increment.</doc>
<status status="PASS" start="2025-09-28T21:20:42.532850" elapsed="0.000328"/>
</kw>
<kw name="Set Suite Variable" owner="BuiltIn">
<msg time="2025-09-28T21:20:42.534440" level="INFO">${TEST_START_TIME} = 2025-09-28 21:20:42</msg>
<arg>${TEST_START_TIME}</arg>
<arg>${start_time}</arg>
<doc>Makes a variable available everywhere within the scope of the current suite.</doc>
<status status="PASS" start="2025-09-28T21:20:42.533662" elapsed="0.000814"/>
</kw>
<kw name="Create Directory" owner="OperatingSystem">
<msg time="2025-09-28T21:20:42.535369" level="INFO" html="true">Directory '&lt;a href="file:///mnt/c/Users/write/robot/robotframework/results"&gt;/mnt/c/Users/write/robot/robotframework/results&lt;/a&gt;' already exists.</msg>
<arg>${REPORTS_DIR}</arg>
<doc>Creates the specified directory.</doc>
<status status="PASS" start="2025-09-28T21:20:42.534546" elapsed="0.000865"/>
</kw>
<kw name="Create Directory" owner="OperatingSystem">
<msg time="2025-09-28T21:20:42.537111" level="INFO" html="true">Directory '&lt;a href="file:///mnt/c/Users/write/robot/robotframework/results/test3/data"&gt;/mnt/c/Users/write/robot/robotframework/results/test3/data&lt;/a&gt;' already exists.</msg>
<arg>${DATA_DIR}</arg>
<doc>Creates the specified directory.</doc>
<status status="PASS" start="2025-09-28T21:20:42.535480" elapsed="0.001678"/>
</kw>
<kw name="Set Suite Variable" owner="BuiltIn">
<msg time="2025-09-28T21:20:42.537332" level="INFO">${TOTAL_TESTS} = 0</msg>
<arg>${TOTAL_TESTS}</arg>
<arg>0</arg>
<doc>Makes a variable available everywhere within the scope of the current suite.</doc>
<status status="PASS" start="2025-09-28T21:20:42.537234" elapsed="0.000123"/>
</kw>
<kw name="Set Suite Variable" owner="BuiltIn">
<msg time="2025-09-28T21:20:42.537504" level="INFO">${PASSED_TESTS} = 0</msg>
<arg>${PASSED_TESTS}</arg>
<arg>0</arg>
<doc>Makes a variable available everywhere within the scope of the current suite.</doc>
<status status="PASS" start="2025-09-28T21:20:42.537422" elapsed="0.000103"/>
</kw>
<kw name="Set Suite Variable" owner="BuiltIn">
<msg time="2025-09-28T21:20:42.537926" level="INFO">@{TEST_RESULTS} = [ ]</msg>
<arg>@{TEST_RESULTS}</arg>
<arg>@{EMPTY}</arg>
<doc>Makes a variable available everywhere within the scope of the current suite.</doc>
<status status="PASS" start="2025-09-28T21:20:42.537590" elapsed="0.000361"/>
</kw>
<kw name="Set Suite Variable" owner="BuiltIn">
<msg time="2025-09-28T21:20:42.538365" level="INFO">@{PERFORMANCE_METRICS} = [ ]</msg>
<arg>@{PERFORMANCE_METRICS}</arg>
<arg>@{EMPTY}</arg>
<doc>Makes a variable available everywhere within the scope of the current suite.</doc>
<status status="PASS" start="2025-09-28T21:20:42.538017" elapsed="0.000377"/>
</kw>
<kw name="Get Hostname" owner="network_keywords">
<kw name="Run Process" owner="Process">
<msg time="2025-09-28T21:20:42.538829" level="INFO">Starting process:
hostname</msg>
<msg time="2025-09-28T21:20:42.541086" level="INFO">Waiting for process to complete.</msg>
<msg time="2025-09-28T21:20:42.643815" level="INFO">Process completed.</msg>
<msg time="2025-09-28T21:20:42.644007" level="INFO">${result} = &lt;result object with rc 0&gt;</msg>
<var>${result}</var>
<arg>hostname</arg>
<arg>timeout=5s</arg>
<doc>Runs a process and waits for it to complete.</doc>
<status status="PASS" start="2025-09-28T21:20:42.538627" elapsed="0.105408"/>
</kw>
<kw name="Set Variable If" owner="BuiltIn">
<msg time="2025-09-28T21:20:42.645322" level="INFO">${hostname} = ArunSidharrth</msg>
<var>${hostname}</var>
<arg>${result.rc} == 0</arg>
<arg>${result.stdout.strip()}</arg>
<arg>Unknown</arg>
<doc>Sets variable based on the given condition.</doc>
<status status="PASS" start="2025-09-28T21:20:42.644233" elapsed="0.001130"/>
</kw>
<return>
<value>${hostname}</value>
<status status="PASS" start="2025-09-28T21:20:42.645412" elapsed="0.000049"/>
</return>
<msg time="2025-09-28T21:20:42.645576" level="INFO">${hostname} = ArunSidharrth</msg>
<var>${hostname}</var>
<status status="PASS" start="2025-09-28T21:20:42.538502" elapsed="0.107091"/>
</kw>
<kw name="Get OS Information" owner="network_keywords">
<kw name="Run Process" owner="Process">
<msg time="2025-09-28T21:20:42.646093" level="INFO">Starting process:
uname -a</msg>
<msg time="2025-09-28T21:20:42.648968" level="INFO">Waiting for process to complete.</msg>
<msg time="2025-09-28T21:20:42.751066" level="INFO">Process completed.</msg>
<msg time="2025-09-28T21:20:42.751346" level="INFO">${result} = &lt;result object with rc 0&gt;</msg>
<var>${result}</var>
<arg>uname</arg>
<arg>-a</arg>
<arg>timeout=5s</arg>
<doc>Runs a process and waits for it to complete.</doc>
<status status="PASS" start="2025-09-28T21:20:42.645909" elapsed="0.105486"/>
</kw>
<kw name="Set Variable If" owner="BuiltIn">
<msg time="2025-09-28T21:20:42.752642" level="INFO">${os_info} = Linux ArunSidharrth 6.6.87.2-microsoft-standard-WSL2 #1 SMP PREEMPT_DYNAMIC Thu Jun  5 18:30:46 UTC 2025 x86_64 x86_64 x86_64 GNU/Linux</msg>
<var>${os_info}</var>
<arg>${result.rc} == 0</arg>
<arg>${result.stdout.strip()}</arg>
<arg>Unknown</arg>
<doc>Sets variable based on the given condition.</doc>
<status status="PASS" start="2025-09-28T21:20:42.751648" elapsed="0.001015"/>
</kw>
<return>
<value>${os_info}</value>
<status status="PASS" start="2025-09-28T21:20:42.752708" elapsed="0.000042"/>
</return>
<msg time="2025-09-28T21:20:42.752860" level="INFO">${os_info} = Linux ArunSidharrth 6.6.87.2-microsoft-standard-WSL2 #1 SMP PREEMPT_DYNAMIC Thu Jun  5 18:30:46 UTC 2025 x86_64 x86_64 x86_64 GNU/Linux</msg>
<var>${os_info}</var>
<status status="PASS" start="2025-09-28T21:20:42.645726" elapsed="0.107150"/>
</kw>
<kw name="Log To Console" owner="BuiltIn">
<arg>\n🚀 ===================================================</arg>
<doc>Logs the given message to the console.</doc>
<status status="PASS" start="2025-09-28T21:20:42.752963" elapsed="0.000187"/>
</kw>
<kw name="Log To Console" owner="BuiltIn">
<arg>🌐 NETWORK VALIDATION TEST SUITE - TEST-3</arg>
<doc>Logs the given message to the console.</doc>
<status status="PASS" start="2025-09-28T21:20:42.753240" elapsed="0.000145"/>
</kw>
<kw name="Log To Console" owner="BuiltIn">
<arg>⚡ ===================================================</arg>
<doc>Logs the given message to the console.</doc>
<status status="PASS" start="2025-09-28T21:20:42.753514" elapsed="0.000111"/>
</kw>
<kw name="Log To Console" owner="BuiltIn">
<arg>📅 Start Time: ${start_time}</arg>
<doc>Logs the given message to the console.</doc>
<status status="PASS" start="2025-09-28T21:20:42.753710" elapsed="0.000352"/>
</kw>
<kw name="Log To Console" owner="BuiltIn">
<arg>🖥️ Hostname: ${hostname}</arg>
<doc>Logs the given message to the console.</doc>
<status status="PASS" start="2025-09-28T21:20:42.754191" elapsed="0.000209"/>
</kw>
<kw name="Log To Console" owner="BuiltIn">
<arg>💻 OS Info: ${os_info}</arg>
<doc>Logs the given message to the console.</doc>
<status status="PASS" start="2025-09-28T21:20:42.754552" elapsed="0.000257"/>
</kw>
<kw name="Log To Console" owner="BuiltIn">
<arg>📊 Reports: ${REPORTS_DIR}</arg>
<doc>Logs the given message to the console.</doc>
<status status="PASS" start="2025-09-28T21:20:42.754922" elapsed="0.000177"/>
</kw>
<kw name="Log To Console" owner="BuiltIn">
<arg>📁 Data: ${DATA_DIR}</arg>
<doc>Logs the given message to the console.</doc>
<status status="PASS" start="2025-09-28T21:20:42.755179" elapsed="0.000148"/>
</kw>
<kw name="Log To Console" owner="BuiltIn">
<arg>===================================================</arg>
<doc>Logs the given message to the console.</doc>
<status status="PASS" start="2025-09-28T21:20:42.755405" elapsed="0.000128"/>
</kw>
<doc>🚀 Sets up test environment with enhanced logging</doc>
<status status="PASS" start="2025-09-28T21:20:42.532387" elapsed="0.223774"/>
</kw>
<test id="s1-t1" name="Critical - Network Interface Validation" line="29">
<kw name="Log Test Start" owner="network_keywords" type="SETUP">
<kw name="Log" owner="BuiltIn">
<msg time="2025-09-28T21:20:42.757168" level="INFO">🚀 Starting: Critical - Network Interface Validation</msg>
<arg>🚀 Starting: ${test_name}</arg>
<arg>console=yes</arg>
<doc>Logs the given message with the given level.</doc>
<status status="PASS" start="2025-09-28T21:20:42.757014" elapsed="0.000238"/>
</kw>
<arg>${TEST_NAME}</arg>
<status status="PASS" start="2025-09-28T21:20:42.756751" elapsed="0.000554"/>
</kw>
<kw name="Log" owner="BuiltIn">
<msg time="2025-09-28T21:20:42.757552" level="INFO">🔍 Analyzing network interface configuration...</msg>
<arg>🔍 Analyzing network interface configuration...</arg>
<arg>console=yes</arg>
<doc>Logs the given message with the given level.</doc>
<status status="PASS" start="2025-09-28T21:20:42.757457" elapsed="0.000173"/>
</kw>
<kw name="Evaluate" owner="BuiltIn">
<msg time="2025-09-28T21:20:42.757936" level="INFO">${total} = 1</msg>
<var>${total}</var>
<arg>${TOTAL_TESTS} + 1</arg>
<doc>Evaluates the given expression in Python and returns the result.</doc>
<status status="PASS" start="2025-09-28T21:20:42.757773" elapsed="0.000182"/>
</kw>
<kw name="Set Test Variable" owner="BuiltIn">
<msg time="2025-09-28T21:20:42.758235" level="INFO">${TOTAL_TESTS} = 1</msg>
<arg>${TOTAL_TESTS}</arg>
<arg>${total}</arg>
<doc>Makes a variable available everywhere within the scope of the current test.</doc>
<status status="PASS" start="2025-09-28T21:20:42.758116" elapsed="0.000146"/>
</kw>
<kw name="Execute Network Command" owner="network_keywords">
<kw name="Log" owner="BuiltIn">
<msg time="2025-09-28T21:20:42.758753" level="INFO">Executing: Interface enumeration</msg>
<arg>Executing: ${description}</arg>
<doc>Logs the given message with the given level.</doc>
<status status="PASS" start="2025-09-28T21:20:42.758666" elapsed="0.000116"/>
</kw>
<kw name="Run Process" owner="Process">
<msg time="2025-09-28T21:20:42.759087" level="INFO">Starting process:
ip addr show</msg>
<msg time="2025-09-28T21:20:42.760033" level="INFO">Waiting for process to complete.</msg>
<msg time="2025-09-28T21:20:42.862292" level="INFO">Process completed.</msg>
<msg time="2025-09-28T21:20:42.862706" level="INFO">${result} = &lt;result object with rc 0&gt;</msg>
<var>${result}</var>
<arg>${command}</arg>
<arg>shell=True</arg>
<arg>timeout=${TIMEOUT_SECONDS}s</arg>
<doc>Runs a process and waits for it to complete.</doc>
<status status="PASS" start="2025-09-28T21:20:42.758855" elapsed="0.103887"/>
</kw>
<kw name="Run Keyword If" owner="BuiltIn">
<arg>${result.rc} != 0</arg>
<arg>Log</arg>
<arg>Warning: ${description} returned non-zero exit code: ${result.rc}</arg>
<arg>WARN</arg>
<doc>Runs the given keyword with the given arguments, if ``condition`` is true.</doc>
<status status="PASS" start="2025-09-28T21:20:42.862943" elapsed="0.000658"/>
</kw>
<return>
<value>${result.stdout}</value>
<status status="PASS" start="2025-09-28T21:20:42.863649" elapsed="0.000055"/>
</return>
<msg time="2025-09-28T21:20:42.864182" level="INFO">${interface_data} = 1: lo: &lt;LOOPBACK,UP,LOWER_UP&gt; mtu 65536 qdisc noqueue state UNKNOWN group default qlen 1000
    link/loopback 00:00:00:00:00:00 brd 00:00:00:00:00:00
    inet 127.0.0.1/8 scope host lo
       valid_lf...</msg>
<var>${interface_data}</var>
<arg>ip addr show</arg>
<arg>Interface enumeration</arg>
<doc>Executes network command with enhanced error handling</doc>
<status status="PASS" start="2025-09-28T21:20:42.758443" elapsed="0.105762"/>
</kw>
<kw name="Should Not Be Empty" owner="BuiltIn">
<msg time="2025-09-28T21:20:42.864558" level="INFO">Length is 773.</msg>
<arg>${interface_data}</arg>
<arg>No network interfaces detected</arg>
<doc>Verifies that the given item is not empty.</doc>
<status status="PASS" start="2025-09-28T21:20:42.864389" elapsed="0.000202"/>
</kw>
<kw name="Should Contain" owner="BuiltIn">
<arg>${interface_data}</arg>
<arg>inet</arg>
<arg>No IP addresses assigned to interfaces</arg>
<doc>Fails if ``container`` does not contain ``item`` one or more times.</doc>
<status status="PASS" start="2025-09-28T21:20:42.864736" elapsed="0.000159"/>
</kw>
<kw name="Get Regexp Matches" owner="String">
<msg time="2025-09-28T21:20:42.865450" level="INFO">${ip_found} = ['127.0.0.1', '10.255.255.254', '172.27.185.206']</msg>
<var>${ip_found}</var>
<arg>${interface_data}</arg>
<arg>inet (\\d+\\.\\d+\\.\\d+\\.\\d+)/</arg>
<arg>1</arg>
<doc>Returns a list of all non-overlapping matches in the given string.</doc>
<status status="PASS" start="2025-09-28T21:20:42.865095" elapsed="0.000397"/>
</kw>
<kw name="Set Variable If" owner="BuiltIn">
<msg time="2025-09-28T21:20:42.865808" level="INFO">${primary_ip} = 127.0.0.1</msg>
<var>${primary_ip}</var>
<arg>${ip_found}</arg>
<arg>${ip_found}[0]</arg>
<arg>127.0.0.1</arg>
<doc>Sets variable based on the given condition.</doc>
<status status="PASS" start="2025-09-28T21:20:42.865645" elapsed="0.000180"/>
</kw>
<kw name="Log" owner="BuiltIn">
<msg time="2025-09-28T21:20:42.866208" level="INFO">✅ Network interface validation: PASSED</msg>
<arg>✅ Network interface validation: PASSED</arg>
<arg>console=yes</arg>
<doc>Logs the given message with the given level.</doc>
<status status="PASS" start="2025-09-28T21:20:42.866093" elapsed="0.000194"/>
</kw>
<kw name="Log" owner="BuiltIn">
<msg time="2025-09-28T21:20:42.866571" level="INFO">📍 Primary IP Address: 127.0.0.1</msg>
<arg>📍 Primary IP Address: ${primary_ip}</arg>
<arg>console=yes</arg>
<doc>Logs the given message with the given level.</doc>
<status status="PASS" start="2025-09-28T21:20:42.866422" elapsed="0.000284"/>
</kw>
<kw name="Append To List" owner="Collections">
<arg>${TEST_RESULTS}</arg>
<arg>Interface Validation: PASS - Primary IP: ${primary_ip}</arg>
<doc>Adds ``values`` to the end of ``list``.</doc>
<status status="PASS" start="2025-09-28T21:20:42.866855" elapsed="0.000134"/>
</kw>
<kw name="Evaluate" owner="BuiltIn">
<msg time="2025-09-28T21:20:42.867296" level="INFO">${passed} = 1</msg>
<var>${passed}</var>
<arg>${PASSED_TESTS} + 1</arg>
<doc>Evaluates the given expression in Python and returns the result.</doc>
<status status="PASS" start="2025-09-28T21:20:42.867123" elapsed="0.000192"/>
</kw>
<kw name="Set Test Variable" owner="BuiltIn">
<msg time="2025-09-28T21:20:42.867585" level="INFO">${PASSED_TESTS} = 1</msg>
<arg>${PASSED_TESTS}</arg>
<arg>${passed}</arg>
<doc>Makes a variable available everywhere within the scope of the current test.</doc>
<status status="PASS" start="2025-09-28T21:20:42.867465" elapsed="0.000148"/>
</kw>
<kw name="Log Test End" owner="network_keywords" type="TEARDOWN">
<kw name="Log" owner="BuiltIn">
<msg time="2025-09-28T21:20:42.868249" level="INFO">✅ Completed: Critical - Network Interface Validation - Status: PASS</msg>
<arg>✅ Completed: ${test_name} - Status: ${status}</arg>
<arg>console=yes</arg>
<doc>Logs the given message with the given level.</doc>
<status status="PASS" start="2025-09-28T21:20:42.868123" elapsed="0.000208"/>
</kw>
<arg>${TEST_NAME}</arg>
<arg>${TEST_STATUS}</arg>
<status status="PASS" start="2025-09-28T21:20:42.867861" elapsed="0.000522"/>
</kw>
<doc>🔧 Validates network interface configuration and IP assignment
Ensures proper network adapter setup and connectivity readiness</doc>
<tag>automated</tag>
<tag>compliance</tag>
<tag>critical</tag>
<tag>interface</tag>
<tag>networking</tag>
<status status="PASS" start="2025-09-28T21:20:42.756231" elapsed="0.112234"/>
</test>
<test id="s1-t2" name="Critical - DNS Resolution and Validation" line="56">
<kw name="Log Test Start" owner="network_keywords" type="SETUP">
<kw name="Log" owner="BuiltIn">
<msg time="2025-09-28T21:20:42.869738" level="INFO">🚀 Starting: Critical - DNS Resolution and Validation</msg>
<arg>🚀 Starting: ${test_name}</arg>
<arg>console=yes</arg>
<doc>Logs the given message with the given level.</doc>
<status status="PASS" start="2025-09-28T21:20:42.869624" elapsed="0.000629"/>
</kw>
<arg>${TEST_NAME}</arg>
<status status="PASS" start="2025-09-28T21:20:42.869410" elapsed="0.000900"/>
</kw>
<kw name="Log" owner="BuiltIn">
<msg time="2025-09-28T21:20:42.870552" level="INFO">🔍 Testing DNS resolution capabilities...</msg>
<arg>🔍 Testing DNS resolution capabilities...</arg>
<arg>console=yes</arg>
<doc>Logs the given message with the given level.</doc>
<status status="PASS" start="2025-09-28T21:20:42.870454" elapsed="0.000191"/>
</kw>
<kw name="Evaluate" owner="BuiltIn">
<msg time="2025-09-28T21:20:42.870974" level="INFO">${total} = 1</msg>
<var>${total}</var>
<arg>${TOTAL_TESTS} + 1</arg>
<doc>Evaluates the given expression in Python and returns the result.</doc>
<status status="PASS" start="2025-09-28T21:20:42.870802" elapsed="0.000192"/>
</kw>
<kw name="Set Test Variable" owner="BuiltIn">
<msg time="2025-09-28T21:20:42.871303" level="INFO">${TOTAL_TESTS} = 1</msg>
<arg>${TOTAL_TESTS}</arg>
<arg>${total}</arg>
<doc>Makes a variable available everywhere within the scope of the current test.</doc>
<status status="PASS" start="2025-09-28T21:20:42.871157" elapsed="0.000179"/>
</kw>
<kw name="Split String" owner="String">
<msg time="2025-09-28T21:20:42.871627" level="INFO">@{domains} = [ google.com | github.com | stackoverflow.com ]</msg>
<var>@{domains}</var>
<arg>${TEST_DOMAINS}</arg>
<arg>,</arg>
<doc>Splits the ``string`` using ``separator`` as a delimiter string.</doc>
<status status="PASS" start="2025-09-28T21:20:42.871475" elapsed="0.000170"/>
</kw>
<for flavor="IN">
<iter>
<kw name="Log" owner="BuiltIn">
<msg time="2025-09-28T21:20:42.872896" level="INFO">Testing DNS resolution for: google.com</msg>
<arg>Testing DNS resolution for: ${domain}</arg>
<doc>Logs the given message with the given level.</doc>
<status status="PASS" start="2025-09-28T21:20:42.872050" elapsed="0.000881"/>
</kw>
<kw name="Test DNS Resolution For Domain" owner="network_keywords">
<kw name="Run Process" owner="Process">
<msg time="2025-09-28T21:20:42.873429" level="INFO">Starting process:
getent hosts google.com</msg>
<msg time="2025-09-28T21:20:42.876390" level="INFO">Waiting for process to complete.</msg>
<msg time="2025-09-28T21:20:42.978998" level="INFO">Process completed.</msg>
<msg time="2025-09-28T21:20:42.979166" level="INFO">${result} = &lt;result object with rc 0&gt;</msg>
<var>${result}</var>
<arg>getent</arg>
<arg>hosts</arg>
<arg>${domain}</arg>
<arg>timeout=10s</arg>
<doc>Runs a process and waits for it to complete.</doc>
<status status="PASS" start="2025-09-28T21:20:42.873277" elapsed="0.105911"/>
</kw>
<kw name="Run Keyword If" owner="BuiltIn">
<kw name="Log" owner="BuiltIn">
<msg time="2025-09-28T21:20:42.980131" level="INFO">✅ DNS resolution for google.com: SUCCESS via getent</msg>
<arg>✅ DNS resolution for ${domain}: SUCCESS via getent</arg>
<doc>Logs the given message with the given level.</doc>
<status status="PASS" start="2025-09-28T21:20:42.980020" elapsed="0.000145"/>
</kw>
<arg>${result.rc} == 0</arg>
<arg>Log</arg>
<arg>✅ DNS resolution for ${domain}: SUCCESS via getent</arg>
<arg>ELSE</arg>
<arg>Log</arg>
<arg>⚠️ DNS resolution for ${domain}: Using fallback method</arg>
<arg>WARN</arg>
<doc>Runs the given keyword with the given arguments, if ``condition`` is true.</doc>
<status status="PASS" start="2025-09-28T21:20:42.979382" elapsed="0.000819"/>
</kw>
<kw name="Run Keyword If" owner="BuiltIn">
<arg>${result.rc} != 0</arg>
<arg>${result}=</arg>
<arg>Run Process</arg>
<arg>ping</arg>
<arg>-c</arg>
<arg>1</arg>
<arg>${domain}</arg>
<arg>timeout=5s</arg>
<doc>Runs the given keyword with the given arguments, if ``condition`` is true.</doc>
<status status="PASS" start="2025-09-28T21:20:42.980284" elapsed="0.000461"/>
</kw>
<kw name="Should Not Be Empty" owner="BuiltIn">
<msg time="2025-09-28T21:20:42.981303" level="INFO">Length is 139.</msg>
<arg>${result.stdout}</arg>
<arg>DNS resolution completely failed for ${domain}</arg>
<doc>Verifies that the given item is not empty.</doc>
<status status="PASS" start="2025-09-28T21:20:42.980835" elapsed="0.000499"/>
</kw>
<return>
<value>${result.stdout}</value>
<status status="PASS" start="2025-09-28T21:20:42.981451" elapsed="0.000040"/>
</return>
<msg time="2025-09-28T21:20:42.981952" level="INFO">${dns_result} = 2607:f8b0:4023:1002::8a google.com
2607:f8b0:4023:1002::64 google.com
2607:f8b0:4023:1002::65 google.com
2607:f8b0:4023:1002::8b google.com</msg>
<var>${dns_result}</var>
<arg>${domain}</arg>
<doc>Tests DNS resolution for a specific domain using available tools</doc>
<status status="PASS" start="2025-09-28T21:20:42.873069" elapsed="0.108903"/>
</kw>
<kw name="Should Not Be Empty" owner="BuiltIn">
<msg time="2025-09-28T21:20:42.982183" level="INFO">Length is 139.</msg>
<arg>${dns_result}</arg>
<arg>DNS resolution failed for ${domain}</arg>
<doc>Verifies that the given item is not empty.</doc>
<status status="PASS" start="2025-09-28T21:20:42.982051" elapsed="0.000161"/>
</kw>
<var name="${domain}">google.com</var>
<status status="PASS" start="2025-09-28T21:20:42.871974" elapsed="0.110262"/>
</iter>
<iter>
<kw name="Log" owner="BuiltIn">
<msg time="2025-09-28T21:20:42.982678" level="INFO">Testing DNS resolution for: github.com</msg>
<arg>Testing DNS resolution for: ${domain}</arg>
<doc>Logs the given message with the given level.</doc>
<status status="PASS" start="2025-09-28T21:20:42.982569" elapsed="0.000140"/>
</kw>
<kw name="Test DNS Resolution For Domain" owner="network_keywords">
<kw name="Run Process" owner="Process">
<msg time="2025-09-28T21:20:42.983227" level="INFO">Starting process:
getent hosts github.com</msg>
<msg time="2025-09-28T21:20:42.984562" level="INFO">Waiting for process to complete.</msg>
<msg time="2025-09-28T21:20:43.086390" level="INFO">Process completed.</msg>
<msg time="2025-09-28T21:20:43.086753" level="INFO">${result} = &lt;result object with rc 0&gt;</msg>
<var>${result}</var>
<arg>getent</arg>
<arg>hosts</arg>
<arg>${domain}</arg>
<arg>timeout=10s</arg>
<doc>Runs a process and waits for it to complete.</doc>
<status status="PASS" start="2025-09-28T21:20:42.983046" elapsed="0.103799"/>
</kw>
<kw name="Run Keyword If" owner="BuiltIn">
<kw name="Log" owner="BuiltIn">
<msg time="2025-09-28T21:20:43.087913" level="INFO">✅ DNS resolution for github.com: SUCCESS via getent</msg>
<arg>✅ DNS resolution for ${domain}: SUCCESS via getent</arg>
<doc>Logs the given message with the given level.</doc>
<status status="PASS" start="2025-09-28T21:20:43.087801" elapsed="0.000147"/>
</kw>
<arg>${result.rc} == 0</arg>
<arg>Log</arg>
<arg>✅ DNS resolution for ${domain}: SUCCESS via getent</arg>
<arg>ELSE</arg>
<arg>Log</arg>
<arg>⚠️ DNS resolution for ${domain}: Using fallback method</arg>
<arg>WARN</arg>
<doc>Runs the given keyword with the given arguments, if ``condition`` is true.</doc>
<status status="PASS" start="2025-09-28T21:20:43.087088" elapsed="0.000895"/>
</kw>
<kw name="Run Keyword If" owner="BuiltIn">
<arg>${result.rc} != 0</arg>
<arg>${result}=</arg>
<arg>Run Process</arg>
<arg>ping</arg>
<arg>-c</arg>
<arg>1</arg>
<arg>${domain}</arg>
<arg>timeout=5s</arg>
<doc>Runs the given keyword with the given arguments, if ``condition`` is true.</doc>
<status status="PASS" start="2025-09-28T21:20:43.088143" elapsed="0.000523"/>
</kw>
<kw name="Should Not Be Empty" owner="BuiltIn">
<msg time="2025-09-28T21:20:43.089265" level="INFO">Length is 26.</msg>
<arg>${result.stdout}</arg>
<arg>DNS resolution completely failed for ${domain}</arg>
<doc>Verifies that the given item is not empty.</doc>
<status status="PASS" start="2025-09-28T21:20:43.088761" elapsed="0.000537"/>
</kw>
<return>
<value>${result.stdout}</value>
<status status="PASS" start="2025-09-28T21:20:43.089337" elapsed="0.000035"/>
</return>
<msg time="2025-09-28T21:20:43.089808" level="INFO">${dns_result} = 140.82.113.3    github.com</msg>
<var>${dns_result}</var>
<arg>${domain}</arg>
<doc>Tests DNS resolution for a specific domain using available tools</doc>
<status status="PASS" start="2025-09-28T21:20:42.982840" elapsed="0.106987"/>
</kw>
<kw name="Should Not Be Empty" owner="BuiltIn">
<msg time="2025-09-28T21:20:43.090710" level="INFO">Length is 26.</msg>
<arg>${dns_result}</arg>
<arg>DNS resolution failed for ${domain}</arg>
<doc>Verifies that the given item is not empty.</doc>
<status status="PASS" start="2025-09-28T21:20:43.090415" elapsed="0.000381"/>
</kw>
<var name="${domain}">github.com</var>
<status status="PASS" start="2025-09-28T21:20:42.982479" elapsed="0.108400"/>
</iter>
<iter>
<kw name="Log" owner="BuiltIn">
<msg time="2025-09-28T21:20:43.091436" level="INFO">Testing DNS resolution for: stackoverflow.com</msg>
<arg>Testing DNS resolution for: ${domain}</arg>
<doc>Logs the given message with the given level.</doc>
<status status="PASS" start="2025-09-28T21:20:43.091219" elapsed="0.000283"/>
</kw>
<kw name="Test DNS Resolution For Domain" owner="network_keywords">
<kw name="Run Process" owner="Process">
<msg time="2025-09-28T21:20:43.092085" level="INFO">Starting process:
getent hosts stackoverflow.com</msg>
<msg time="2025-09-28T21:20:43.092968" level="INFO">Waiting for process to complete.</msg>
<msg time="2025-09-28T21:20:43.296748" level="INFO">Process completed.</msg>
<msg time="2025-09-28T21:20:43.297044" level="INFO">${result} = &lt;result object with rc 0&gt;</msg>
<var>${result}</var>
<arg>getent</arg>
<arg>hosts</arg>
<arg>${domain}</arg>
<arg>timeout=10s</arg>
<doc>Runs a process and waits for it to complete.</doc>
<status status="PASS" start="2025-09-28T21:20:43.091917" elapsed="0.205177"/>
</kw>
<kw name="Run Keyword If" owner="BuiltIn">
<kw name="Log" owner="BuiltIn">
<msg time="2025-09-28T21:20:43.298212" level="INFO">✅ DNS resolution for stackoverflow.com: SUCCESS via getent</msg>
<arg>✅ DNS resolution for ${domain}: SUCCESS via getent</arg>
<doc>Logs the given message with the given level.</doc>
<status status="PASS" start="2025-09-28T21:20:43.298080" elapsed="0.000167"/>
</kw>
<arg>${result.rc} == 0</arg>
<arg>Log</arg>
<arg>✅ DNS resolution for ${domain}: SUCCESS via getent</arg>
<arg>ELSE</arg>
<arg>Log</arg>
<arg>⚠️ DNS resolution for ${domain}: Using fallback method</arg>
<arg>WARN</arg>
<doc>Runs the given keyword with the given arguments, if ``condition`` is true.</doc>
<status status="PASS" start="2025-09-28T21:20:43.297396" elapsed="0.000886"/>
</kw>
<kw name="Run Keyword If" owner="BuiltIn">
<arg>${result.rc} != 0</arg>
<arg>${result}=</arg>
<arg>Run Process</arg>
<arg>ping</arg>
<arg>-c</arg>
<arg>1</arg>
<arg>${domain}</arg>
<arg>timeout=5s</arg>
<doc>Runs the given keyword with the given arguments, if ``condition`` is true.</doc>
<status status="PASS" start="2025-09-28T21:20:43.298379" elapsed="0.000552"/>
</kw>
<kw name="Should Not Be Empty" owner="BuiltIn">
<msg time="2025-09-28T21:20:43.299513" level="INFO">Length is 67.</msg>
<arg>${result.stdout}</arg>
<arg>DNS resolution completely failed for ${domain}</arg>
<doc>Verifies that the given item is not empty.</doc>
<status status="PASS" start="2025-09-28T21:20:43.299023" elapsed="0.000536"/>
</kw>
<return>
<value>${result.stdout}</value>
<status status="PASS" start="2025-09-28T21:20:43.299597" elapsed="0.000032"/>
</return>
<msg time="2025-09-28T21:20:43.300101" level="INFO">${dns_result} = 172.64.155.249  stackoverflow.com
104.18.32.7     stackoverflow.com</msg>
<var>${dns_result}</var>
<arg>${domain}</arg>
<doc>Tests DNS resolution for a specific domain using available tools</doc>
<status status="PASS" start="2025-09-28T21:20:43.091716" elapsed="0.208410"/>
</kw>
<kw name="Should Not Be Empty" owner="BuiltIn">
<msg time="2025-09-28T21:20:43.300329" level="INFO">Length is 67.</msg>
<arg>${dns_result}</arg>
<arg>DNS resolution failed for ${domain}</arg>
<doc>Verifies that the given item is not empty.</doc>
<status status="PASS" start="2025-09-28T21:20:43.300209" elapsed="0.000160"/>
</kw>
<var name="${domain}">stackoverflow.com</var>
<status status="PASS" start="2025-09-28T21:20:43.091070" elapsed="0.209330"/>
</iter>
<var>${domain}</var>
<value>@{domains}</value>
<status status="PASS" start="2025-09-28T21:20:42.871759" elapsed="0.428667"/>
</for>
<kw name="Test DNS Server Performance" owner="network_keywords">
<kw name="Log" owner="BuiltIn">
<msg time="2025-09-28T21:20:43.301066" level="INFO">Testing Primary DNS (8.8.8.8) performance...</msg>
<arg>Testing ${server_name} (${dns_server}) performance...</arg>
<doc>Logs the given message with the given level.</doc>
<status status="PASS" start="2025-09-28T21:20:43.300934" elapsed="0.000162"/>
</kw>
<kw name="Run Process" owner="Process">
<msg time="2025-09-28T21:20:43.301426" level="INFO">Starting process:
ping -c 3 8.8.8.8</msg>
<msg time="2025-09-28T21:20:43.307091" level="INFO">Waiting for process to complete.</msg>
<msg time="2025-09-28T21:20:45.449493" level="INFO">Process completed.</msg>
<msg time="2025-09-28T21:20:45.449772" level="INFO">${result} = &lt;result object with rc 0&gt;</msg>
<var>${result}</var>
<arg>ping</arg>
<arg>-c</arg>
<arg>3</arg>
<arg>${dns_server}</arg>
<arg>timeout=10s</arg>
<doc>Runs a process and waits for it to complete.</doc>
<status status="PASS" start="2025-09-28T21:20:43.301185" elapsed="2.148627"/>
</kw>
<kw name="Should Be Equal As Integers" owner="BuiltIn">
<msg time="2025-09-28T21:20:45.450715" level="INFO">Argument types are:
&lt;class 'int'&gt;
&lt;class 'str'&gt;</msg>
<arg>${result.rc}</arg>
<arg>0</arg>
<arg>${server_name} is unreachable</arg>
<doc>Fails if objects are unequal after converting them to integers.</doc>
<status status="PASS" start="2025-09-28T21:20:45.449979" elapsed="0.000807"/>
</kw>
<kw name="Should Contain" owner="BuiltIn">
<arg>${result.stdout}</arg>
<arg>received</arg>
<arg>${server_name} ping test failed</arg>
<doc>Fails if ``container`` does not contain ``item`` one or more times.</doc>
<status status="PASS" start="2025-09-28T21:20:45.450885" elapsed="0.000773"/>
</kw>
<kw name="Log" owner="BuiltIn">
<msg time="2025-09-28T21:20:45.451843" level="INFO">✅ Primary DNS performance: EXCELLENT</msg>
<arg>✅ ${server_name} performance: EXCELLENT</arg>
<doc>Logs the given message with the given level.</doc>
<status status="PASS" start="2025-09-28T21:20:45.451746" elapsed="0.000129"/>
</kw>
<arg>${PRIMARY_DNS_SERVER}</arg>
<arg>Primary DNS</arg>
<doc>Tests specific DNS server performance</doc>
<status status="PASS" start="2025-09-28T21:20:43.300673" elapsed="2.151248"/>
</kw>
<kw name="Test DNS Server Performance" owner="network_keywords">
<kw name="Log" owner="BuiltIn">
<msg time="2025-09-28T21:20:45.452674" level="INFO">Testing Secondary DNS (1.1.1.1) performance...</msg>
<arg>Testing ${server_name} (${dns_server}) performance...</arg>
<doc>Logs the given message with the given level.</doc>
<status status="PASS" start="2025-09-28T21:20:45.452549" elapsed="0.000157"/>
</kw>
<kw name="Run Process" owner="Process">
<msg time="2025-09-28T21:20:45.452974" level="INFO">Starting process:
ping -c 3 1.1.1.1</msg>
<msg time="2025-09-28T21:20:45.454680" level="INFO">Waiting for process to complete.</msg>
<msg time="2025-09-28T21:20:47.598215" level="INFO">Process completed.</msg>
<msg time="2025-09-28T21:20:47.598436" level="INFO">${result} = &lt;result object with rc 0&gt;</msg>
<var>${result}</var>
<arg>ping</arg>
<arg>-c</arg>
<arg>3</arg>
<arg>${dns_server}</arg>
<arg>timeout=10s</arg>
<doc>Runs a process and waits for it to complete.</doc>
<status status="PASS" start="2025-09-28T21:20:45.452780" elapsed="2.145678"/>
</kw>
<kw name="Should Be Equal As Integers" owner="BuiltIn">
<msg time="2025-09-28T21:20:47.599368" level="INFO">Argument types are:
&lt;class 'int'&gt;
&lt;class 'str'&gt;</msg>
<arg>${result.rc}</arg>
<arg>0</arg>
<arg>${server_name} is unreachable</arg>
<doc>Fails if objects are unequal after converting them to integers.</doc>
<status status="PASS" start="2025-09-28T21:20:47.598728" elapsed="0.000702"/>
</kw>
<kw name="Should Contain" owner="BuiltIn">
<arg>${result.stdout}</arg>
<arg>received</arg>
<arg>${server_name} ping test failed</arg>
<doc>Fails if ``container`` does not contain ``item`` one or more times.</doc>
<status status="PASS" start="2025-09-28T21:20:47.599542" elapsed="0.000516"/>
</kw>
<kw name="Log" owner="BuiltIn">
<msg time="2025-09-28T21:20:47.600877" level="INFO">✅ Secondary DNS performance: EXCELLENT</msg>
<arg>✅ ${server_name} performance: EXCELLENT</arg>
<doc>Logs the given message with the given level.</doc>
<status status="PASS" start="2025-09-28T21:20:47.600743" elapsed="0.000208"/>
</kw>
<arg>${SECONDARY_DNS_SERVER}</arg>
<arg>Secondary DNS</arg>
<doc>Tests specific DNS server performance</doc>
<status status="PASS" start="2025-09-28T21:20:45.452218" elapsed="2.148807"/>
</kw>
<kw name="Log" owner="BuiltIn">
<msg time="2025-09-28T21:20:47.601355" level="INFO">✅ DNS resolution validation: PASSED</msg>
<arg>✅ DNS resolution validation: PASSED</arg>
<arg>console=yes</arg>
<doc>Logs the given message with the given level.</doc>
<status status="PASS" start="2025-09-28T21:20:47.601225" elapsed="0.000245"/>
</kw>
<kw name="Log" owner="BuiltIn">
<msg time="2025-09-28T21:20:47.602325" level="INFO">🌐 Successfully resolved 3 domains</msg>
<arg>🌐 Successfully resolved ${domains.__len__()} domains</arg>
<arg>console=yes</arg>
<doc>Logs the given message with the given level.</doc>
<status status="PASS" start="2025-09-28T21:20:47.601726" elapsed="0.000681"/>
</kw>
<kw name="Append To List" owner="Collections">
<arg>${TEST_RESULTS}</arg>
<arg>DNS Resolution: PASS - Multiple domains resolved</arg>
<doc>Adds ``values`` to the end of ``list``.</doc>
<status status="PASS" start="2025-09-28T21:20:47.602538" elapsed="0.000135"/>
</kw>
<kw name="Evaluate" owner="BuiltIn">
<msg time="2025-09-28T21:20:47.603087" level="INFO">${passed} = 1</msg>
<var>${passed}</var>
<arg>${PASSED_TESTS} + 1</arg>
<doc>Evaluates the given expression in Python and returns the result.</doc>
<status status="PASS" start="2025-09-28T21:20:47.602884" elapsed="0.000224"/>
</kw>
<kw name="Set Test Variable" owner="BuiltIn">
<msg time="2025-09-28T21:20:47.603393" level="INFO">${PASSED_TESTS} = 1</msg>
<arg>${PASSED_TESTS}</arg>
<arg>${passed}</arg>
<doc>Makes a variable available everywhere within the scope of the current test.</doc>
<status status="PASS" start="2025-09-28T21:20:47.603266" elapsed="0.000155"/>
</kw>
<kw name="Log Test End" owner="network_keywords" type="TEARDOWN">
<kw name="Log" owner="BuiltIn">
<msg time="2025-09-28T21:20:47.604106" level="INFO">✅ Completed: Critical - DNS Resolution and Validation - Status: PASS</msg>
<arg>✅ Completed: ${test_name} - Status: ${status}</arg>
<arg>console=yes</arg>
<doc>Logs the given message with the given level.</doc>
<status status="PASS" start="2025-09-28T21:20:47.603943" elapsed="0.000244"/>
</kw>
<arg>${TEST_NAME}</arg>
<arg>${TEST_STATUS}</arg>
<status status="PASS" start="2025-09-28T21:20:47.603671" elapsed="0.000575"/>
</kw>
<doc>🌐 Comprehensive DNS resolution testing using multiple methods
Tests both IPv4 and IPv6 resolution with fallback mechanisms</doc>
<tag>automated</tag>
<tag>critical</tag>
<tag>dns</tag>
<tag>networking</tag>
<tag>resolution</tag>
<status status="PASS" start="2025-09-28T21:20:42.868866" elapsed="4.735470"/>
</test>
<test id="s1-t3" name="Critical - Internet Connectivity Assessment" line="85">
<kw name="Log Test Start" owner="network_keywords" type="SETUP">
<kw name="Log" owner="BuiltIn">
<msg time="2025-09-28T21:20:47.605635" level="INFO">🚀 Starting: Critical - Internet Connectivity Assessment</msg>
<arg>🚀 Starting: ${test_name}</arg>
<arg>console=yes</arg>
<doc>Logs the given message with the given level.</doc>
<status status="PASS" start="2025-09-28T21:20:47.605520" elapsed="0.000195"/>
</kw>
<arg>${TEST_NAME}</arg>
<status status="PASS" start="2025-09-28T21:20:47.605316" elapsed="0.000462"/>
</kw>
<kw name="Log" owner="BuiltIn">
<msg time="2025-09-28T21:20:47.606041" level="INFO">🔍 Assessing internet connectivity performance...</msg>
<arg>🔍 Assessing internet connectivity performance...</arg>
<arg>console=yes</arg>
<doc>Logs the given message with the given level.</doc>
<status status="PASS" start="2025-09-28T21:20:47.605927" elapsed="0.000195"/>
</kw>
<kw name="Evaluate" owner="BuiltIn">
<msg time="2025-09-28T21:20:47.606424" level="INFO">${total} = 1</msg>
<var>${total}</var>
<arg>${TOTAL_TESTS} + 1</arg>
<doc>Evaluates the given expression in Python and returns the result.</doc>
<status status="PASS" start="2025-09-28T21:20:47.606277" elapsed="0.000165"/>
</kw>
<kw name="Set Test Variable" owner="BuiltIn">
<msg time="2025-09-28T21:20:47.606757" level="INFO">${TOTAL_TESTS} = 1</msg>
<arg>${TOTAL_TESTS}</arg>
<arg>${total}</arg>
<doc>Makes a variable available everywhere within the scope of the current test.</doc>
<status status="PASS" start="2025-09-28T21:20:47.606591" elapsed="0.000197"/>
</kw>
<kw name="Test Connectivity With Metrics" owner="network_keywords">
<kw name="Log" owner="BuiltIn">
<msg time="2025-09-28T21:20:47.607333" level="INFO">Testing connectivity to Google DNS (8.8.8.8)...</msg>
<arg>Testing connectivity to ${target_name} (${target})...</arg>
<doc>Logs the given message with the given level.</doc>
<status status="PASS" start="2025-09-28T21:20:47.607221" elapsed="0.000143"/>
</kw>
<kw name="Run Process" owner="Process">
<msg time="2025-09-28T21:20:47.607626" level="INFO">Starting process:
ping -c 5 8.8.8.8</msg>
<msg time="2025-09-28T21:20:47.608802" level="INFO">Waiting for process to complete.</msg>
<msg time="2025-09-28T21:20:51.210571" level="INFO">Process completed.</msg>
<msg time="2025-09-28T21:20:51.210776" level="INFO">${result} = &lt;result object with rc 0&gt;</msg>
<var>${result}</var>
<arg>ping</arg>
<arg>-c</arg>
<arg>${PING_COUNT}</arg>
<arg>${target}</arg>
<arg>timeout=${TIMEOUT_SECONDS}s</arg>
<doc>Runs a process and waits for it to complete.</doc>
<status status="PASS" start="2025-09-28T21:20:47.607439" elapsed="3.603358"/>
</kw>
<kw name="Should Be Equal As Integers" owner="BuiltIn">
<msg time="2025-09-28T21:20:51.211686" level="INFO">Argument types are:
&lt;class 'int'&gt;
&lt;class 'str'&gt;</msg>
<arg>${result.rc}</arg>
<arg>0</arg>
<arg>Connectivity to ${target_name} failed</arg>
<doc>Fails if objects are unequal after converting them to integers.</doc>
<status status="PASS" start="2025-09-28T21:20:51.210972" elapsed="0.000760"/>
</kw>
<return>
<value>${result.stdout}</value>
<status status="PASS" start="2025-09-28T21:20:51.211776" elapsed="0.000035"/>
</return>
<msg time="2025-09-28T21:20:51.212307" level="INFO">${ping_result_primary} = PING 8.8.8.8 (8.8.8.8) 56(84) bytes of data.
64 bytes from 8.8.8.8: icmp_seq=1 ttl=111 time=27.6 ms
64 bytes from 8.8.8.8: icmp_seq=2 ttl=111 time=23.9 ms
64 bytes from 8.8.8.8: icmp_seq=3 ttl=111 tim...</msg>
<var>${ping_result_primary}</var>
<arg>${PRIMARY_DNS_SERVER}</arg>
<arg>Google DNS</arg>
<doc>Tests connectivity and extracts performance metrics</doc>
<status status="PASS" start="2025-09-28T21:20:47.606981" elapsed="3.605346"/>
</kw>
<kw name="Should Contain" owner="BuiltIn">
<arg>${ping_result_primary}</arg>
<arg>received</arg>
<arg>Primary DNS connectivity failed</arg>
<doc>Fails if ``container`` does not contain ``item`` one or more times.</doc>
<status status="PASS" start="2025-09-28T21:20:51.212511" elapsed="0.000145"/>
</kw>
<kw name="Test Connectivity With Metrics" owner="network_keywords">
<kw name="Log" owner="BuiltIn">
<msg time="2025-09-28T21:20:51.213315" level="INFO">Testing connectivity to Cloudflare DNS (1.1.1.1)...</msg>
<arg>Testing connectivity to ${target_name} (${target})...</arg>
<doc>Logs the given message with the given level.</doc>
<status status="PASS" start="2025-09-28T21:20:51.213160" elapsed="0.000184"/>
</kw>
<kw name="Run Process" owner="Process">
<msg time="2025-09-28T21:20:51.213667" level="INFO">Starting process:
ping -c 5 1.1.1.1</msg>
<msg time="2025-09-28T21:20:51.214610" level="INFO">Waiting for process to complete.</msg>
<msg time="2025-09-28T21:20:55.398436" level="INFO">Process completed.</msg>
<msg time="2025-09-28T21:20:55.398729" level="INFO">${result} = &lt;result object with rc 0&gt;</msg>
<var>${result}</var>
<arg>ping</arg>
<arg>-c</arg>
<arg>${PING_COUNT}</arg>
<arg>${target}</arg>
<arg>timeout=${TIMEOUT_SECONDS}s</arg>
<doc>Runs a process and waits for it to complete.</doc>
<status status="PASS" start="2025-09-28T21:20:51.213448" elapsed="4.185330"/>
</kw>
<kw name="Should Be Equal As Integers" owner="BuiltIn">
<msg time="2025-09-28T21:20:55.400287" level="INFO">Argument types are:
&lt;class 'int'&gt;
&lt;class 'str'&gt;</msg>
<arg>${result.rc}</arg>
<arg>0</arg>
<arg>Connectivity to ${target_name} failed</arg>
<doc>Fails if objects are unequal after converting them to integers.</doc>
<status status="PASS" start="2025-09-28T21:20:55.399555" elapsed="0.000787"/>
</kw>
<return>
<value>${result.stdout}</value>
<status status="PASS" start="2025-09-28T21:20:55.400393" elapsed="0.000041"/>
</return>
<msg time="2025-09-28T21:20:55.400913" level="INFO">${ping_result_secondary} = PING 1.1.1.1 (1.1.1.1) 56(84) bytes of data.
64 bytes from 1.1.1.1: icmp_seq=1 ttl=48 time=16.7 ms
64 bytes from 1.1.1.1: icmp_seq=2 ttl=48 time=16.6 ms
64 bytes from 1.1.1.1: icmp_seq=3 ttl=48 time=1...</msg>
<var>${ping_result_secondary}</var>
<arg>${SECONDARY_DNS_SERVER}</arg>
<arg>Cloudflare DNS</arg>
<doc>Tests connectivity and extracts performance metrics</doc>
<status status="PASS" start="2025-09-28T21:20:51.212879" elapsed="4.188054"/>
</kw>
<kw name="Should Contain" owner="BuiltIn">
<arg>${ping_result_secondary}</arg>
<arg>received</arg>
<arg>Secondary DNS connectivity failed</arg>
<doc>Fails if ``container`` does not contain ``item`` one or more times.</doc>
<status status="PASS" start="2025-09-28T21:20:55.401132" elapsed="0.000155"/>
</kw>
<kw name="Extract Average Latency" owner="network_keywords">
<kw name="Get Regexp Matches" owner="String">
<msg time="2025-09-28T21:20:55.402420" level="INFO">${avg_match} = ['24.750']</msg>
<var>${avg_match}</var>
<arg>${ping_output}</arg>
<arg>rtt min/avg/max/mdev = [\\d.]+/([\\d.]+)/[\\d.]+/[\\d.]+ ms</arg>
<arg>1</arg>
<doc>Returns a list of all non-overlapping matches in the given string.</doc>
<status status="PASS" start="2025-09-28T21:20:55.402051" elapsed="0.000389"/>
</kw>
<kw name="Set Variable If" owner="BuiltIn">
<msg time="2025-09-28T21:20:55.402686" level="INFO">${latency} = 24.750</msg>
<var>${latency}</var>
<arg>${avg_match}</arg>
<arg>${avg_match}[0]</arg>
<arg>0</arg>
<doc>Sets variable based on the given condition.</doc>
<status status="PASS" start="2025-09-28T21:20:55.402532" elapsed="0.000171"/>
</kw>
<return>
<value>${latency}</value>
<status status="PASS" start="2025-09-28T21:20:55.402744" elapsed="0.000021"/>
</return>
<msg time="2025-09-28T21:20:55.402844" level="INFO">${primary_latency} = 24.750</msg>
<var>${primary_latency}</var>
<arg>${ping_result_primary}</arg>
<doc>Extracts average latency from ping output</doc>
<status status="PASS" start="2025-09-28T21:20:55.401527" elapsed="0.001332"/>
</kw>
<kw name="Extract Average Latency" owner="network_keywords">
<kw name="Get Regexp Matches" owner="String">
<msg time="2025-09-28T21:20:55.403496" level="INFO">${avg_match} = ['17.888']</msg>
<var>${avg_match}</var>
<arg>${ping_output}</arg>
<arg>rtt min/avg/max/mdev = [\\d.]+/([\\d.]+)/[\\d.]+/[\\d.]+ ms</arg>
<arg>1</arg>
<doc>Returns a list of all non-overlapping matches in the given string.</doc>
<status status="PASS" start="2025-09-28T21:20:55.403358" elapsed="0.000157"/>
</kw>
<kw name="Set Variable If" owner="BuiltIn">
<msg time="2025-09-28T21:20:55.403720" level="INFO">${latency} = 17.888</msg>
<var>${latency}</var>
<arg>${avg_match}</arg>
<arg>${avg_match}[0]</arg>
<arg>0</arg>
<doc>Sets variable based on the given condition.</doc>
<status status="PASS" start="2025-09-28T21:20:55.403596" elapsed="0.000139"/>
</kw>
<return>
<value>${latency}</value>
<status status="PASS" start="2025-09-28T21:20:55.403767" elapsed="0.000020"/>
</return>
<msg time="2025-09-28T21:20:55.403865" level="INFO">${secondary_latency} = 17.888</msg>
<var>${secondary_latency}</var>
<arg>${ping_result_secondary}</arg>
<doc>Extracts average latency from ping output</doc>
<status status="PASS" start="2025-09-28T21:20:55.403138" elapsed="0.000742"/>
</kw>
<kw name="Append To List" owner="Collections">
<arg>${PERFORMANCE_METRICS}</arg>
<arg>Primary DNS Latency: ${primary_latency}ms</arg>
<doc>Adds ``values`` to the end of ``list``.</doc>
<status status="PASS" start="2025-09-28T21:20:55.404016" elapsed="0.000119"/>
</kw>
<kw name="Append To List" owner="Collections">
<arg>${PERFORMANCE_METRICS}</arg>
<arg>Secondary DNS Latency: ${secondary_latency}ms</arg>
<doc>Adds ``values`` to the end of ``list``.</doc>
<status status="PASS" start="2025-09-28T21:20:55.404314" elapsed="0.000135"/>
</kw>
<kw name="Log" owner="BuiltIn">
<msg time="2025-09-28T21:20:55.404673" level="INFO">✅ Internet connectivity: EXCELLENT</msg>
<arg>✅ Internet connectivity: EXCELLENT</arg>
<arg>console=yes</arg>
<doc>Logs the given message with the given level.</doc>
<status status="PASS" start="2025-09-28T21:20:55.404578" elapsed="0.000210"/>
</kw>
<kw name="Log" owner="BuiltIn">
<msg time="2025-09-28T21:20:55.405074" level="INFO">📊 Primary DNS latency: 24.750ms</msg>
<arg>📊 Primary DNS latency: ${primary_latency}ms</arg>
<arg>console=yes</arg>
<doc>Logs the given message with the given level.</doc>
<status status="PASS" start="2025-09-28T21:20:55.404920" elapsed="0.000247"/>
</kw>
<kw name="Log" owner="BuiltIn">
<msg time="2025-09-28T21:20:55.405432" level="INFO">📊 Secondary DNS latency: 17.888ms</msg>
<arg>📊 Secondary DNS latency: ${secondary_latency}ms</arg>
<arg>console=yes</arg>
<doc>Logs the given message with the given level.</doc>
<status status="PASS" start="2025-09-28T21:20:55.405319" elapsed="0.000205"/>
</kw>
<kw name="Append To List" owner="Collections">
<arg>${TEST_RESULTS}</arg>
<arg>Internet Connectivity: PASS - Latency: ${primary_latency}ms avg</arg>
<doc>Adds ``values`` to the end of ``list``.</doc>
<status status="PASS" start="2025-09-28T21:20:55.405654" elapsed="0.000129"/>
</kw>
<kw name="Evaluate" owner="BuiltIn">
<msg time="2025-09-28T21:20:55.406060" level="INFO">${passed} = 1</msg>
<var>${passed}</var>
<arg>${PASSED_TESTS} + 1</arg>
<doc>Evaluates the given expression in Python and returns the result.</doc>
<status status="PASS" start="2025-09-28T21:20:55.405915" elapsed="0.000163"/>
</kw>
<kw name="Set Test Variable" owner="BuiltIn">
<msg time="2025-09-28T21:20:55.406471" level="INFO">${PASSED_TESTS} = 1</msg>
<arg>${PASSED_TESTS}</arg>
<arg>${passed}</arg>
<doc>Makes a variable available everywhere within the scope of the current test.</doc>
<status status="PASS" start="2025-09-28T21:20:55.406355" elapsed="0.000142"/>
</kw>
<kw name="Log Test End" owner="network_keywords" type="TEARDOWN">
<kw name="Log" owner="BuiltIn">
<msg time="2025-09-28T21:20:55.407076" level="INFO">✅ Completed: Critical - Internet Connectivity Assessment - Status: PASS</msg>
<arg>✅ Completed: ${test_name} - Status: ${status}</arg>
<arg>console=yes</arg>
<doc>Logs the given message with the given level.</doc>
<status status="PASS" start="2025-09-28T21:20:55.406954" elapsed="0.000200"/>
</kw>
<arg>${TEST_NAME}</arg>
<arg>${TEST_STATUS}</arg>
<status status="PASS" start="2025-09-28T21:20:55.406702" elapsed="0.000526"/>
</kw>
<doc>🌍 Multi-tier internet connectivity validation
Tests connectivity to multiple public servers with performance metrics</doc>
<tag>automated</tag>
<tag>connectivity</tag>
<tag>critical</tag>
<tag>networking</tag>
<tag>performance</tag>
<status status="PASS" start="2025-09-28T21:20:47.604828" elapsed="7.802483"/>
</test>
<test id="s1-t4" name="Normal - Routing Infrastructure Analysis" line="118">
<kw name="Log Test Start" owner="network_keywords" type="SETUP">
<kw name="Log" owner="BuiltIn">
<msg time="2025-09-28T21:20:55.408365" level="INFO">🚀 Starting: Normal - Routing Infrastructure Analysis</msg>
<arg>🚀 Starting: ${test_name}</arg>
<arg>console=yes</arg>
<doc>Logs the given message with the given level.</doc>
<status status="PASS" start="2025-09-28T21:20:55.408246" elapsed="0.000199"/>
</kw>
<arg>${TEST_NAME}</arg>
<status status="PASS" start="2025-09-28T21:20:55.408025" elapsed="0.000472"/>
</kw>
<kw name="Log" owner="BuiltIn">
<msg time="2025-09-28T21:20:55.408756" level="INFO">🔍 Analyzing routing infrastructure...</msg>
<arg>🔍 Analyzing routing infrastructure...</arg>
<arg>console=yes</arg>
<doc>Logs the given message with the given level.</doc>
<status status="PASS" start="2025-09-28T21:20:55.408650" elapsed="0.000538"/>
</kw>
<kw name="Evaluate" owner="BuiltIn">
<msg time="2025-09-28T21:20:55.409520" level="INFO">${total} = 1</msg>
<var>${total}</var>
<arg>${TOTAL_TESTS} + 1</arg>
<doc>Evaluates the given expression in Python and returns the result.</doc>
<status status="PASS" start="2025-09-28T21:20:55.409339" elapsed="0.000200"/>
</kw>
<kw name="Set Test Variable" owner="BuiltIn">
<msg time="2025-09-28T21:20:55.409805" level="INFO">${TOTAL_TESTS} = 1</msg>
<arg>${TOTAL_TESTS}</arg>
<arg>${total}</arg>
<doc>Makes a variable available everywhere within the scope of the current test.</doc>
<status status="PASS" start="2025-09-28T21:20:55.409684" elapsed="0.000149"/>
</kw>
<kw name="Execute Network Command" owner="network_keywords">
<kw name="Log" owner="BuiltIn">
<msg time="2025-09-28T21:20:55.410330" level="INFO">Executing: Routing table collection</msg>
<arg>Executing: ${description}</arg>
<doc>Logs the given message with the given level.</doc>
<status status="PASS" start="2025-09-28T21:20:55.410244" elapsed="0.000117"/>
</kw>
<kw name="Run Process" owner="Process">
<msg time="2025-09-28T21:20:55.410607" level="INFO">Starting process:
ip route show</msg>
<msg time="2025-09-28T21:20:55.411269" level="INFO">Waiting for process to complete.</msg>
<msg time="2025-09-28T21:20:55.513197" level="INFO">Process completed.</msg>
<msg time="2025-09-28T21:20:55.513555" level="INFO">${result} = &lt;result object with rc 0&gt;</msg>
<var>${result}</var>
<arg>${command}</arg>
<arg>shell=True</arg>
<arg>timeout=${TIMEOUT_SECONDS}s</arg>
<doc>Runs a process and waits for it to complete.</doc>
<status status="PASS" start="2025-09-28T21:20:55.410435" elapsed="0.103172"/>
</kw>
<kw name="Run Keyword If" owner="BuiltIn">
<arg>${result.rc} != 0</arg>
<arg>Log</arg>
<arg>Warning: ${description} returned non-zero exit code: ${result.rc}</arg>
<arg>WARN</arg>
<doc>Runs the given keyword with the given arguments, if ``condition`` is true.</doc>
<status status="PASS" start="2025-09-28T21:20:55.513992" elapsed="0.000781"/>
</kw>
<return>
<value>${result.stdout}</value>
<status status="PASS" start="2025-09-28T21:20:55.514821" elapsed="0.000051"/>
</return>
<msg time="2025-09-28T21:20:55.515339" level="INFO">${route_data} = default via 172.27.176.1 dev eth0 proto kernel 
172.27.176.0/20 dev eth0 proto kernel scope link src 172.27.185.206 </msg>
<var>${route_data}</var>
<arg>ip route show</arg>
<arg>Routing table collection</arg>
<doc>Executes network command with enhanced error handling</doc>
<status status="PASS" start="2025-09-28T21:20:55.410011" elapsed="0.105347"/>
</kw>
<kw name="Should Not Be Empty" owner="BuiltIn">
<msg time="2025-09-28T21:20:55.515679" level="INFO">Length is 116.</msg>
<arg>${route_data}</arg>
<arg>Routing table is empty or inaccessible</arg>
<doc>Verifies that the given item is not empty.</doc>
<status status="PASS" start="2025-09-28T21:20:55.515533" elapsed="0.000181"/>
</kw>
<kw name="Should Contain" owner="BuiltIn">
<arg>${route_data}</arg>
<arg>default</arg>
<arg>No default gateway configured</arg>
<doc>Fails if ``container`` does not contain ``item`` one or more times.</doc>
<status status="PASS" start="2025-09-28T21:20:55.515891" elapsed="0.000160"/>
</kw>
<kw name="Get Regexp Matches" owner="String">
<msg time="2025-09-28T21:20:55.516600" level="INFO">${gateway_matches} = ['172.27.176.1']</msg>
<var>${gateway_matches}</var>
<arg>${route_data}</arg>
<arg>via (\\d+\\.\\d+\\.\\d+\\.\\d+)</arg>
<arg>1</arg>
<doc>Returns a list of all non-overlapping matches in the given string.</doc>
<status status="PASS" start="2025-09-28T21:20:55.516230" elapsed="0.000390"/>
</kw>
<kw name="Set Variable If" owner="BuiltIn">
<msg time="2025-09-28T21:20:55.516913" level="INFO">${gateway_ip} = 172.27.176.1</msg>
<var>${gateway_ip}</var>
<arg>${gateway_matches}</arg>
<arg>${gateway_matches}[0]</arg>
<arg>Unknown</arg>
<doc>Sets variable based on the given condition.</doc>
<status status="PASS" start="2025-09-28T21:20:55.516771" elapsed="0.000159"/>
</kw>
<kw name="Split To Lines" owner="String">
<msg time="2025-09-28T21:20:55.517314" level="INFO">2 lines returned.</msg>
<msg time="2025-09-28T21:20:55.517364" level="INFO">${lines} = ['default via 172.27.176.1 dev eth0 proto kernel ', '172.27.176.0/20 dev eth0 proto kernel scope link src 172.27.185.206 ']</msg>
<var>${lines}</var>
<arg>${route_data}</arg>
<doc>Splits the given string to lines.</doc>
<status status="PASS" start="2025-09-28T21:20:55.517197" elapsed="0.000182"/>
</kw>
<kw name="Get Length" owner="BuiltIn">
<msg time="2025-09-28T21:20:55.517596" level="INFO">Length is 2.</msg>
<msg time="2025-09-28T21:20:55.517645" level="INFO">${route_count} = 2</msg>
<var>${route_count}</var>
<arg>${lines}</arg>
<doc>Returns and logs the length of the given item as an integer.</doc>
<status status="PASS" start="2025-09-28T21:20:55.517515" elapsed="0.000145"/>
</kw>
<kw name="Should Be True" owner="BuiltIn">
<arg>${route_count} &gt; 0</arg>
<arg>No routes configured</arg>
<doc>Fails if the given condition is not true.</doc>
<status status="PASS" start="2025-09-28T21:20:55.517793" elapsed="0.000136"/>
</kw>
<kw name="Log" owner="BuiltIn">
<msg time="2025-09-28T21:20:55.518193" level="INFO">✅ Routing analysis: COMPLETED</msg>
<arg>✅ Routing analysis: COMPLETED</arg>
<arg>console=yes</arg>
<doc>Logs the given message with the given level.</doc>
<status status="PASS" start="2025-09-28T21:20:55.518064" elapsed="0.000218"/>
</kw>
<kw name="Log" owner="BuiltIn">
<msg time="2025-09-28T21:20:55.518764" level="INFO">🛣️ Default Gateway: 172.27.176.1</msg>
<arg>🛣️ Default Gateway: ${gateway_ip}</arg>
<arg>console=yes</arg>
<doc>Logs the given message with the given level.</doc>
<status status="PASS" start="2025-09-28T21:20:55.518461" elapsed="0.000384"/>
</kw>
<kw name="Log" owner="BuiltIn">
<msg time="2025-09-28T21:20:55.519131" level="INFO">📊 Total Routes: 2</msg>
<arg>📊 Total Routes: ${route_count}</arg>
<arg>console=yes</arg>
<doc>Logs the given message with the given level.</doc>
<status status="PASS" start="2025-09-28T21:20:55.519000" elapsed="0.000240"/>
</kw>
<kw name="Append To List" owner="Collections">
<arg>${TEST_RESULTS}</arg>
<arg>Routing Analysis: PASS - Gateway: ${gateway_ip}, Routes: ${route_count}</arg>
<doc>Adds ``values`` to the end of ``list``.</doc>
<status status="PASS" start="2025-09-28T21:20:55.519357" elapsed="0.000146"/>
</kw>
<kw name="Evaluate" owner="BuiltIn">
<msg time="2025-09-28T21:20:55.519776" level="INFO">${passed} = 1</msg>
<var>${passed}</var>
<arg>${PASSED_TESTS} + 1</arg>
<doc>Evaluates the given expression in Python and returns the result.</doc>
<status status="PASS" start="2025-09-28T21:20:55.519634" elapsed="0.000160"/>
</kw>
<kw name="Set Test Variable" owner="BuiltIn">
<msg time="2025-09-28T21:20:55.520148" level="INFO">${PASSED_TESTS} = 1</msg>
<arg>${PASSED_TESTS}</arg>
<arg>${passed}</arg>
<doc>Makes a variable available everywhere within the scope of the current test.</doc>
<status status="PASS" start="2025-09-28T21:20:55.520014" elapsed="0.000160"/>
</kw>
<kw name="Log Test End" owner="network_keywords" type="TEARDOWN">
<kw name="Log" owner="BuiltIn">
<msg time="2025-09-28T21:20:55.520823" level="INFO">✅ Completed: Normal - Routing Infrastructure Analysis - Status: PASS</msg>
<arg>✅ Completed: ${test_name} - Status: ${status}</arg>
<arg>console=yes</arg>
<doc>Logs the given message with the given level.</doc>
<status status="PASS" start="2025-09-28T21:20:55.520695" elapsed="0.000207"/>
</kw>
<arg>${TEST_NAME}</arg>
<arg>${TEST_STATUS}</arg>
<status status="PASS" start="2025-09-28T21:20:55.520397" elapsed="0.000556"/>
</kw>
<doc>🛣️ Comprehensive routing table analysis and gateway validation
Ensures proper network path configuration and redundancy</doc>
<tag>automated</tag>
<tag>infrastructure</tag>
<tag>networking</tag>
<tag>normal</tag>
<tag>routing</tag>
<status status="PASS" start="2025-09-28T21:20:55.407573" elapsed="0.113462"/>
</test>
<test id="s1-t5" name="Normal - Network Performance Baseline" line="151">
<kw name="Log Test Start" owner="network_keywords" type="SETUP">
<kw name="Log" owner="BuiltIn">
<msg time="2025-09-28T21:20:55.522777" level="INFO">🚀 Starting: Normal - Network Performance Baseline</msg>
<arg>🚀 Starting: ${test_name}</arg>
<arg>console=yes</arg>
<doc>Logs the given message with the given level.</doc>
<status status="PASS" start="2025-09-28T21:20:55.522656" elapsed="0.000301"/>
</kw>
<arg>${TEST_NAME}</arg>
<status status="PASS" start="2025-09-28T21:20:55.522448" elapsed="0.000580"/>
</kw>
<kw name="Log" owner="BuiltIn">
<msg time="2025-09-28T21:20:55.523302" level="INFO">🔍 Establishing network performance baseline...</msg>
<arg>🔍 Establishing network performance baseline...</arg>
<arg>console=yes</arg>
<doc>Logs the given message with the given level.</doc>
<status status="PASS" start="2025-09-28T21:20:55.523190" elapsed="0.000192"/>
</kw>
<kw name="Evaluate" owner="BuiltIn">
<msg time="2025-09-28T21:20:55.523711" level="INFO">${total} = 1</msg>
<var>${total}</var>
<arg>${TOTAL_TESTS} + 1</arg>
<doc>Evaluates the given expression in Python and returns the result.</doc>
<status status="PASS" start="2025-09-28T21:20:55.523538" elapsed="0.000193"/>
</kw>
<kw name="Set Test Variable" owner="BuiltIn">
<msg time="2025-09-28T21:20:55.524007" level="INFO">${TOTAL_TESTS} = 1</msg>
<arg>${TOTAL_TESTS}</arg>
<arg>${total}</arg>
<doc>Makes a variable available everywhere within the scope of the current test.</doc>
<status status="PASS" start="2025-09-28T21:20:55.523880" elapsed="0.000154"/>
</kw>
<kw name="Execute Extended Performance Test" owner="network_keywords">
<kw name="Log" owner="BuiltIn">
<msg time="2025-09-28T21:20:55.524935" level="INFO">Executing extended performance test to 8.8.8.8...</msg>
<arg>Executing extended performance test to ${target}...</arg>
<doc>Logs the given message with the given level.</doc>
<status status="PASS" start="2025-09-28T21:20:55.524788" elapsed="0.000201"/>
</kw>
<kw name="Run Process" owner="Process">
<msg time="2025-09-28T21:20:55.525325" level="INFO">Starting process:
ping -c 10 8.8.8.8</msg>
<msg time="2025-09-28T21:20:55.526474" level="INFO">Waiting for process to complete.</msg>
<msg time="2025-09-28T21:21:04.822459" level="INFO">Process completed.</msg>
<msg time="2025-09-28T21:21:04.822730" level="INFO">${result} = &lt;result object with rc 0&gt;</msg>
<var>${result}</var>
<arg>ping</arg>
<arg>-c</arg>
<arg>10</arg>
<arg>${target}</arg>
<arg>timeout=30s</arg>
<doc>Runs a process and waits for it to complete.</doc>
<status status="PASS" start="2025-09-28T21:20:55.525103" elapsed="9.297676"/>
</kw>
<kw name="Should Be Equal As Integers" owner="BuiltIn">
<msg time="2025-09-28T21:21:04.823822" level="INFO">Argument types are:
&lt;class 'int'&gt;
&lt;class 'str'&gt;</msg>
<arg>${result.rc}</arg>
<arg>0</arg>
<arg>Extended performance test failed</arg>
<doc>Fails if objects are unequal after converting them to integers.</doc>
<status status="PASS" start="2025-09-28T21:21:04.823064" elapsed="0.000809"/>
</kw>
<return>
<value>${result.stdout}</value>
<status status="PASS" start="2025-09-28T21:21:04.823918" elapsed="0.000038"/>
</return>
<msg time="2025-09-28T21:21:04.824420" level="INFO">${performance_data} = PING 8.8.8.8 (8.8.8.8) 56(84) bytes of data.
64 bytes from 8.8.8.8: icmp_seq=1 ttl=111 time=25.1 ms
64 bytes from 8.8.8.8: icmp_seq=2 ttl=111 time=29.4 ms
64 bytes from 8.8.8.8: icmp_seq=3 ttl=111 tim...</msg>
<var>${performance_data}</var>
<arg>${PRIMARY_DNS_SERVER}</arg>
<doc>Executes extended performance test with detailed statistics</doc>
<status status="PASS" start="2025-09-28T21:20:55.524264" elapsed="9.300177"/>
</kw>
<kw name="Should Contain" owner="BuiltIn">
<arg>${performance_data}</arg>
<arg>received</arg>
<arg>Performance test failed</arg>
<doc>Fails if ``container`` does not contain ``item`` one or more times.</doc>
<status status="PASS" start="2025-09-28T21:21:04.824621" elapsed="0.000141"/>
</kw>
<kw name="Extract Min Latency" owner="network_keywords">
<kw name="Get Regexp Matches" owner="String">
<msg time="2025-09-28T21:21:04.825637" level="INFO">${min_match} = ['23.528']</msg>
<var>${min_match}</var>
<arg>${ping_output}</arg>
<arg>rtt min/avg/max/mdev = ([\\d.]+)/[\\d.]+/[\\d.]+/[\\d.]+ ms</arg>
<arg>1</arg>
<doc>Returns a list of all non-overlapping matches in the given string.</doc>
<status status="PASS" start="2025-09-28T21:21:04.825295" elapsed="0.000366"/>
</kw>
<kw name="Set Variable If" owner="BuiltIn">
<msg time="2025-09-28T21:21:04.825935" level="INFO">${latency} = 23.528</msg>
<var>${latency}</var>
<arg>${min_match}</arg>
<arg>${min_match}[0]</arg>
<arg>0</arg>
<doc>Sets variable based on the given condition.</doc>
<status status="PASS" start="2025-09-28T21:21:04.825769" elapsed="0.000185"/>
</kw>
<return>
<value>${latency}</value>
<status status="PASS" start="2025-09-28T21:21:04.825991" elapsed="0.000021"/>
</return>
<msg time="2025-09-28T21:21:04.826104" level="INFO">${min_latency} = 23.528</msg>
<var>${min_latency}</var>
<arg>${performance_data}</arg>
<status status="PASS" start="2025-09-28T21:21:04.824976" elapsed="0.001144"/>
</kw>
<kw name="Extract Max Latency" owner="network_keywords">
<kw name="Get Regexp Matches" owner="String">
<msg time="2025-09-28T21:21:04.827042" level="INFO">${max_match} = ['33.534']</msg>
<var>${max_match}</var>
<arg>${ping_output}</arg>
<arg>rtt min/avg/max/mdev = [\\d.]+/[\\d.]+/([\\d.]+)/[\\d.]+ ms</arg>
<arg>1</arg>
<doc>Returns a list of all non-overlapping matches in the given string.</doc>
<status status="PASS" start="2025-09-28T21:21:04.826788" elapsed="0.000274"/>
</kw>
<kw name="Set Variable If" owner="BuiltIn">
<msg time="2025-09-28T21:21:04.827262" level="INFO">${latency} = 33.534</msg>
<var>${latency}</var>
<arg>${max_match}</arg>
<arg>${max_match}[0]</arg>
<arg>0</arg>
<doc>Sets variable based on the given condition.</doc>
<status status="PASS" start="2025-09-28T21:21:04.827147" elapsed="0.000131"/>
</kw>
<return>
<value>${latency}</value>
<status status="PASS" start="2025-09-28T21:21:04.827310" elapsed="0.000019"/>
</return>
<msg time="2025-09-28T21:21:04.827417" level="INFO">${max_latency} = 33.534</msg>
<var>${max_latency}</var>
<arg>${performance_data}</arg>
<status status="PASS" start="2025-09-28T21:21:04.826458" elapsed="0.000973"/>
</kw>
<kw name="Extract Average Latency" owner="network_keywords">
<kw name="Get Regexp Matches" owner="String">
<msg time="2025-09-28T21:21:04.828005" level="INFO">${avg_match} = ['26.179']</msg>
<var>${avg_match}</var>
<arg>${ping_output}</arg>
<arg>rtt min/avg/max/mdev = [\\d.]+/([\\d.]+)/[\\d.]+/[\\d.]+ ms</arg>
<arg>1</arg>
<doc>Returns a list of all non-overlapping matches in the given string.</doc>
<status status="PASS" start="2025-09-28T21:21:04.827826" elapsed="0.000199"/>
</kw>
<kw name="Set Variable If" owner="BuiltIn">
<msg time="2025-09-28T21:21:04.828223" level="INFO">${latency} = 26.179</msg>
<var>${latency}</var>
<arg>${avg_match}</arg>
<arg>${avg_match}[0]</arg>
<arg>0</arg>
<doc>Sets variable based on the given condition.</doc>
<status status="PASS" start="2025-09-28T21:21:04.828110" elapsed="0.000129"/>
</kw>
<return>
<value>${latency}</value>
<status status="PASS" start="2025-09-28T21:21:04.828271" elapsed="0.000026"/>
</return>
<msg time="2025-09-28T21:21:04.828387" level="INFO">${avg_latency} = 26.179</msg>
<var>${avg_latency}</var>
<arg>${performance_data}</arg>
<doc>Extracts average latency from ping output</doc>
<status status="PASS" start="2025-09-28T21:21:04.827622" elapsed="0.000780"/>
</kw>
<kw name="Extract Packet Loss" owner="network_keywords">
<kw name="Get Regexp Matches" owner="String">
<msg time="2025-09-28T21:21:04.829298" level="INFO">${loss_match} = ['0']</msg>
<var>${loss_match}</var>
<arg>${ping_output}</arg>
<arg>([\\d]+)% packet loss</arg>
<arg>1</arg>
<doc>Returns a list of all non-overlapping matches in the given string.</doc>
<status status="PASS" start="2025-09-28T21:21:04.828929" elapsed="0.000387"/>
</kw>
<kw name="Set Variable If" owner="BuiltIn">
<msg time="2025-09-28T21:21:04.829564" level="INFO">${loss} = 0</msg>
<var>${loss}</var>
<arg>${loss_match}</arg>
<arg>${loss_match}[0]</arg>
<arg>0</arg>
<doc>Sets variable based on the given condition.</doc>
<status status="PASS" start="2025-09-28T21:21:04.829408" elapsed="0.000598"/>
</kw>
<return>
<value>${loss}</value>
<status status="PASS" start="2025-09-28T21:21:04.830057" elapsed="0.000024"/>
</return>
<msg time="2025-09-28T21:21:04.830229" level="INFO">${packet_loss} = 0</msg>
<var>${packet_loss}</var>
<arg>${performance_data}</arg>
<status status="PASS" start="2025-09-28T21:21:04.828693" elapsed="0.001558"/>
</kw>
<kw name="Should Be True" owner="BuiltIn">
<arg>${avg_latency} &lt; 500</arg>
<arg>Average latency too high: ${avg_latency}ms</arg>
<doc>Fails if the given condition is not true.</doc>
<status status="PASS" start="2025-09-28T21:21:04.830411" elapsed="0.000202"/>
</kw>
<kw name="Should Be True" owner="BuiltIn">
<arg>${packet_loss} &lt;= 5</arg>
<arg>Excessive packet loss: ${packet_loss}%</arg>
<doc>Fails if the given condition is not true.</doc>
<status status="PASS" start="2025-09-28T21:21:04.830750" elapsed="0.000193"/>
</kw>
<kw name="Append To List" owner="Collections">
<arg>${PERFORMANCE_METRICS}</arg>
<arg>Minimum Latency: ${min_latency}ms</arg>
<doc>Adds ``values`` to the end of ``list``.</doc>
<status status="PASS" start="2025-09-28T21:21:04.831076" elapsed="0.000118"/>
</kw>
<kw name="Append To List" owner="Collections">
<arg>${PERFORMANCE_METRICS}</arg>
<arg>Maximum Latency: ${max_latency}ms</arg>
<doc>Adds ``values`` to the end of ``list``.</doc>
<status status="PASS" start="2025-09-28T21:21:04.831323" elapsed="0.000136"/>
</kw>
<kw name="Append To List" owner="Collections">
<arg>${PERFORMANCE_METRICS}</arg>
<arg>Average Latency: ${avg_latency}ms</arg>
<doc>Adds ``values`` to the end of ``list``.</doc>
<status status="PASS" start="2025-09-28T21:21:04.831597" elapsed="0.000110"/>
</kw>
<kw name="Append To List" owner="Collections">
<arg>${PERFORMANCE_METRICS}</arg>
<arg>Packet Loss: ${packet_loss}%</arg>
<doc>Adds ``values`` to the end of ``list``.</doc>
<status status="PASS" start="2025-09-28T21:21:04.831846" elapsed="0.000108"/>
</kw>
<kw name="Log" owner="BuiltIn">
<msg time="2025-09-28T21:21:04.832178" level="INFO">✅ Performance baseline: ESTABLISHED</msg>
<arg>✅ Performance baseline: ESTABLISHED</arg>
<arg>console=yes</arg>
<doc>Logs the given message with the given level.</doc>
<status status="PASS" start="2025-09-28T21:21:04.832083" elapsed="0.000175"/>
</kw>
<kw name="Log" owner="BuiltIn">
<msg time="2025-09-28T21:21:04.832722" level="INFO">📊 Latency Range: 23.528-33.534ms (avg: 26.179ms)</msg>
<arg>📊 Latency Range: ${min_latency}-${max_latency}ms (avg: ${avg_latency}ms)</arg>
<arg>console=yes</arg>
<doc>Logs the given message with the given level.</doc>
<status status="PASS" start="2025-09-28T21:21:04.832540" elapsed="0.000259"/>
</kw>
<kw name="Log" owner="BuiltIn">
<msg time="2025-09-28T21:21:04.833111" level="INFO">📊 Packet Loss: 0%</msg>
<arg>📊 Packet Loss: ${packet_loss}%</arg>
<arg>console=yes</arg>
<doc>Logs the given message with the given level.</doc>
<status status="PASS" start="2025-09-28T21:21:04.832953" elapsed="0.000268"/>
</kw>
<kw name="Append To List" owner="Collections">
<arg>${TEST_RESULTS}</arg>
<arg>Performance Baseline: PASS - Avg: ${avg_latency}ms, Loss: ${packet_loss}%</arg>
<doc>Adds ``values`` to the end of ``list``.</doc>
<status status="PASS" start="2025-09-28T21:21:04.833371" elapsed="0.000144"/>
</kw>
<kw name="Evaluate" owner="BuiltIn">
<msg time="2025-09-28T21:21:04.833794" level="INFO">${passed} = 1</msg>
<var>${passed}</var>
<arg>${PASSED_TESTS} + 1</arg>
<doc>Evaluates the given expression in Python and returns the result.</doc>
<status status="PASS" start="2025-09-28T21:21:04.833648" elapsed="0.000187"/>
</kw>
<kw name="Set Test Variable" owner="BuiltIn">
<msg time="2025-09-28T21:21:04.834099" level="INFO">${PASSED_TESTS} = 1</msg>
<arg>${PASSED_TESTS}</arg>
<arg>${passed}</arg>
<doc>Makes a variable available everywhere within the scope of the current test.</doc>
<status status="PASS" start="2025-09-28T21:21:04.833980" elapsed="0.000196"/>
</kw>
<kw name="Log Test End" owner="network_keywords" type="TEARDOWN">
<kw name="Log" owner="BuiltIn">
<msg time="2025-09-28T21:21:04.834785" level="INFO">✅ Completed: Normal - Network Performance Baseline - Status: PASS</msg>
<arg>✅ Completed: ${test_name} - Status: ${status}</arg>
<arg>console=yes</arg>
<doc>Logs the given message with the given level.</doc>
<status status="PASS" start="2025-09-28T21:21:04.834651" elapsed="0.000217"/>
</kw>
<arg>${TEST_NAME}</arg>
<arg>${TEST_STATUS}</arg>
<status status="PASS" start="2025-09-28T21:21:04.834399" elapsed="0.000522"/>
</kw>
<doc>📈 Establishes comprehensive network performance baseline
Measures latency, jitter, and throughput characteristics</doc>
<tag>automated</tag>
<tag>baseline</tag>
<tag>monitoring</tag>
<tag>networking</tag>
<tag>normal</tag>
<tag>performance</tag>
<status status="PASS" start="2025-09-28T21:20:55.521949" elapsed="9.313056"/>
</test>
<test id="s1-t6" name="Critical - Target Machine Connection" line="188">
<kw name="Log Test Start" owner="network_keywords" type="SETUP">
<kw name="Log" owner="BuiltIn">
<msg time="2025-09-28T21:21:04.836405" level="INFO">🚀 Starting: Critical - Target Machine Connection</msg>
<arg>🚀 Starting: ${test_name}</arg>
<arg>console=yes</arg>
<doc>Logs the given message with the given level.</doc>
<status status="PASS" start="2025-09-28T21:21:04.836258" elapsed="0.000232"/>
</kw>
<arg>${TEST_NAME}</arg>
<status status="PASS" start="2025-09-28T21:21:04.835960" elapsed="0.000584"/>
</kw>
<kw name="Log" owner="BuiltIn">
<msg time="2025-09-28T21:21:04.836765" level="INFO">🔍 Establishing connection to target machine...</msg>
<arg>🔍 Establishing connection to target machine...</arg>
<arg>console=yes</arg>
<doc>Logs the given message with the given level.</doc>
<status status="PASS" start="2025-09-28T21:21:04.836679" elapsed="0.000159"/>
</kw>
<kw name="Evaluate" owner="BuiltIn">
<msg time="2025-09-28T21:21:04.837252" level="INFO">${total} = 1</msg>
<var>${total}</var>
<arg>${TOTAL_TESTS} + 1</arg>
<doc>Evaluates the given expression in Python and returns the result.</doc>
<status status="PASS" start="2025-09-28T21:21:04.837003" elapsed="0.000277"/>
</kw>
<kw name="Set Test Variable" owner="BuiltIn">
<msg time="2025-09-28T21:21:04.837665" level="INFO">${TOTAL_TESTS} = 1</msg>
<arg>${TOTAL_TESTS}</arg>
<arg>${total}</arg>
<doc>Makes a variable available everywhere within the scope of the current test.</doc>
<status status="PASS" start="2025-09-28T21:21:04.837482" elapsed="0.000226"/>
</kw>
<kw name="Connect To Target Machine" owner="network_keywords">
<kw name="Log" owner="BuiltIn">
<msg time="2025-09-28T21:21:04.838416" level="INFO">🔗 Attempting connection to 192.168.1.100 (windows)...</msg>
<arg>🔗 Attempting connection to ${host} (${os_type})...</arg>
<doc>Logs the given message with the given level.</doc>
<status status="PASS" start="2025-09-28T21:21:04.838309" elapsed="0.000137"/>
</kw>
<kw name="Run Keyword If" owner="BuiltIn">
<kw name="Connect Via WinRM" owner="network_keywords">
<kw name="Set Variable" owner="BuiltIn">
<msg time="2025-09-28T21:21:04.839368" level="INFO">${winrm_script} = import socket; s=socket.socket(); s.settimeout(5); result=s.connect_ex(('192.168.1.100', 5985)); s.close(); print('SUCCESS: WinRM port 5985 accessible' if result == 0 else 'FAILED: WinRM port not acce...</msg>
<var>${winrm_script}</var>
<arg>import socket; s=socket.socket(); s.settimeout(5); result=s.connect_ex(('${host}', 5985)); s.close(); print('SUCCESS: WinRM port 5985 accessible' if result == 0 else 'FAILED: WinRM port not accessible')</arg>
<doc>Returns the given values which can then be assigned to a variables.</doc>
<status status="PASS" start="2025-09-28T21:21:04.839261" elapsed="0.000122"/>
</kw>
<kw name="Create File" owner="OperatingSystem">
<msg time="2025-09-28T21:21:04.839897" level="INFO" html="true">Created file '&lt;a href="file:///tmp/winrm_test.py"&gt;/tmp/winrm_test.py&lt;/a&gt;'.</msg>
<arg>/tmp/winrm_test.py</arg>
<arg>${winrm_script}</arg>
<doc>Creates a file with the given content and encoding.</doc>
<status status="PASS" start="2025-09-28T21:21:04.839445" elapsed="0.000491"/>
</kw>
<kw name="Run Process" owner="Process">
<msg time="2025-09-28T21:21:04.840511" level="INFO">Starting process:
python3 /tmp/winrm_test.py</msg>
<msg time="2025-09-28T21:21:04.841554" level="INFO">Waiting for process to complete.</msg>
<msg time="2025-09-28T21:21:06.172442" level="INFO">Process completed.</msg>
<msg time="2025-09-28T21:21:06.172646" level="INFO">${result} = &lt;result object with rc 0&gt;</msg>
<var>${result}</var>
<arg>python3</arg>
<arg>/tmp/winrm_test.py</arg>
<arg>timeout=10s</arg>
<doc>Runs a process and waits for it to complete.</doc>
<status status="PASS" start="2025-09-28T21:21:04.840392" elapsed="1.332277"/>
</kw>
<kw name="Remove File" owner="OperatingSystem">
<msg time="2025-09-28T21:21:06.173100" level="INFO" html="true">Removed file '&lt;a href="file:///tmp/winrm_test.py"&gt;/tmp/winrm_test.py&lt;/a&gt;'.</msg>
<arg>/tmp/winrm_test.py</arg>
<doc>Removes a file with the given path.</doc>
<status status="PASS" start="2025-09-28T21:21:06.172834" elapsed="0.000316"/>
</kw>
<kw name="Set Variable If" owner="BuiltIn">
<msg time="2025-09-28T21:21:06.173932" level="INFO">${connection_status} = FAILED: WinRM connection to 192.168.1.100:5985 failed</msg>
<var>${connection_status}</var>
<arg>'SUCCESS' in '${result.stdout}'</arg>
<arg>SUCCESS: WinRM connection to ${host}:5985 established</arg>
<arg>FAILED: WinRM connection to ${host}:5985 failed</arg>
<doc>Sets variable based on the given condition.</doc>
<status status="PASS" start="2025-09-28T21:21:06.173248" elapsed="0.000705"/>
</kw>
<return>
<value>${connection_status}</value>
<status status="PASS" start="2025-09-28T21:21:06.173996" elapsed="0.000035"/>
</return>
<arg>${host}</arg>
<arg>${username}</arg>
<arg>${password}</arg>
<doc>Connect to Windows machine via WinRM</doc>
<status status="PASS" start="2025-09-28T21:21:04.839063" elapsed="1.335164"/>
</kw>
<msg time="2025-09-28T21:21:06.174317" level="INFO">${connection_result} = FAILED: WinRM connection to 192.168.1.100:5985 failed</msg>
<var>${connection_result}</var>
<arg>'${os_type.lower()}' == 'windows'</arg>
<arg>Connect Via WinRM</arg>
<arg>${host}</arg>
<arg>${username}</arg>
<arg>${password}</arg>
<arg>ELSE</arg>
<arg>Connect Via SSH</arg>
<arg>${host}</arg>
<arg>${username}</arg>
<arg>${password}</arg>
<doc>Runs the given keyword with the given arguments, if ``condition`` is true.</doc>
<status status="PASS" start="2025-09-28T21:21:04.838522" elapsed="1.335813"/>
</kw>
<return>
<value>${connection_result}</value>
<status status="PASS" start="2025-09-28T21:21:06.174377" elapsed="0.000019"/>
</return>
<msg time="2025-09-28T21:21:06.174483" level="INFO">${connection_result} = FAILED: WinRM connection to 192.168.1.100:5985 failed</msg>
<var>${connection_result}</var>
<arg>${TARGET_HOST}</arg>
<arg>${TARGET_OS}</arg>
<arg>${TARGET_USERNAME}</arg>
<arg>${TARGET_PASSWORD}</arg>
<doc>🔗 Establish connection to target machine via WinRM (Windows) or SSH (Linux)</doc>
<status status="PASS" start="2025-09-28T21:21:04.837968" elapsed="1.336531"/>
</kw>
<kw name="Should Contain" owner="BuiltIn">
<msg time="2025-09-28T21:21:06.174941" level="FAIL">Failed to connect to target machine: 'FAILED: WinRM connection to 192.168.1.100:5985 failed' does not contain 'SUCCESS'</msg>
<arg>${connection_result}</arg>
<arg>SUCCESS</arg>
<arg>Failed to connect to target machine</arg>
<doc>Fails if ``container`` does not contain ``item`` one or more times.</doc>
<status status="FAIL" start="2025-09-28T21:21:06.174684" elapsed="0.000730">Failed to connect to target machine: 'FAILED: WinRM connection to 192.168.1.100:5985 failed' does not contain 'SUCCESS'</status>
</kw>
<kw name="Should Not Be Empty" owner="BuiltIn">
<arg>${connection_result}</arg>
<arg>Connection result is empty</arg>
<doc>Verifies that the given item is not empty.</doc>
<status status="NOT RUN" start="2025-09-28T21:21:06.175634" elapsed="0.000039"/>
</kw>
<kw name="Log" owner="BuiltIn">
<arg>✅ Target connection: ESTABLISHED</arg>
<arg>console=yes</arg>
<doc>Logs the given message with the given level.</doc>
<status status="NOT RUN" start="2025-09-28T21:21:06.175855" elapsed="0.000026"/>
</kw>
<kw name="Log" owner="BuiltIn">
<arg>🔗 Connection: ${connection_result}</arg>
<arg>console=yes</arg>
<doc>Logs the given message with the given level.</doc>
<status status="NOT RUN" start="2025-09-28T21:21:06.176015" elapsed="0.000042"/>
</kw>
<kw name="Append To List" owner="Collections">
<arg>${TEST_RESULTS}</arg>
<arg>Target Connection: PASS - ${connection_result}</arg>
<doc>Adds ``values`` to the end of ``list``.</doc>
<status status="NOT RUN" start="2025-09-28T21:21:06.176310" elapsed="0.000017"/>
</kw>
<kw name="Evaluate" owner="BuiltIn">
<var>${passed}</var>
<arg>${PASSED_TESTS} + 1</arg>
<doc>Evaluates the given expression in Python and returns the result.</doc>
<status status="NOT RUN" start="2025-09-28T21:21:06.176505" elapsed="0.000017"/>
</kw>
<kw name="Set Test Variable" owner="BuiltIn">
<arg>${PASSED_TESTS}</arg>
<arg>${passed}</arg>
<doc>Makes a variable available everywhere within the scope of the current test.</doc>
<status status="NOT RUN" start="2025-09-28T21:21:06.176669" elapsed="0.000017"/>
</kw>
<kw name="Log Test End" owner="network_keywords" type="TEARDOWN">
<kw name="Log" owner="BuiltIn">
<msg time="2025-09-28T21:21:06.177374" level="INFO">✅ Completed: Critical - Target Machine Connection - Status: FAIL</msg>
<arg>✅ Completed: ${test_name} - Status: ${status}</arg>
<arg>console=yes</arg>
<doc>Logs the given message with the given level.</doc>
<status status="PASS" start="2025-09-28T21:21:06.177233" elapsed="0.000235"/>
</kw>
<arg>${TEST_NAME}</arg>
<arg>${TEST_STATUS}</arg>
<status status="PASS" start="2025-09-28T21:21:06.176968" elapsed="0.000558"/>
</kw>
<doc>🔗 Establish direct connection to target machine via WinRM/SSH
Tests connectivity and authentication to remote systems</doc>
<tag>automated</tag>
<tag>connection</tag>
<tag>critical</tag>
<tag>networking</tag>
<tag>remote</tag>
<tag>ssh</tag>
<tag>winrm</tag>
<status status="FAIL" start="2025-09-28T21:21:04.835417" elapsed="1.342200">Failed to connect to target machine: 'FAILED: WinRM connection to 192.168.1.100:5985 failed' does not contain 'SUCCESS'</status>
</test>
<test id="s1-t7" name="Critical - Comprehensive Network Data Collection" line="210">
<kw name="Log Test Start" owner="network_keywords" type="SETUP">
<kw name="Log" owner="BuiltIn">
<msg time="2025-09-28T21:21:06.178861" level="INFO">🚀 Starting: Critical - Comprehensive Network Data Collection</msg>
[...]
<arg>${REPORTS_DIR}/latest_dashboard.html</arg>
<arg>${html_dashboard}</arg>
<doc>Creates a file with the given content and encoding.</doc>
<status status="PASS" start="2025-09-28T21:21:08.563889" elapsed="0.003755"/>
</kw>
<kw name="Generate Unified Index Page" owner="network_keywords">
<kw name="Get Current Date" owner="DateTime">
<msg time="2025-09-28T21:21:08.568211" level="INFO">${current_date} = 2025-09-28 21:21:08</msg>
<var>${current_date}</var>
<arg>result_format=%Y-%m-%d %H:%M:%S</arg>
<doc>Returns current local or UTC time with an optional increment.</doc>
<status status="PASS" start="2025-09-28T21:21:08.568045" elapsed="0.000185"/>
</kw>
<kw name="Get Hostname" owner="network_keywords">
<kw name="Run Process" owner="Process">
<msg time="2025-09-28T21:21:08.568659" level="INFO">Starting process:
hostname</msg>
<msg time="2025-09-28T21:21:08.569641" level="INFO">Waiting for process to complete.</msg>
<msg time="2025-09-28T21:21:08.672530" level="INFO">Process completed.</msg>
<msg time="2025-09-28T21:21:08.672807" level="INFO">${result} = &lt;result object with rc 0&gt;</msg>
<var>${result}</var>
<arg>hostname</arg>
<arg>timeout=5s</arg>
<doc>Runs a process and waits for it to complete.</doc>
<status status="PASS" start="2025-09-28T21:21:08.568526" elapsed="0.104328"/>
</kw>
<kw name="Set Variable If" owner="BuiltIn">
<msg time="2025-09-28T21:21:08.674372" level="INFO">${hostname} = ArunSidharrth</msg>
<var>${hostname}</var>
<arg>${result.rc} == 0</arg>
<arg>${result.stdout.strip()}</arg>
<arg>Unknown</arg>
<doc>Sets variable based on the given condition.</doc>
<status status="PASS" start="2025-09-28T21:21:08.673168" elapsed="0.001226"/>
</kw>
<return>
<value>${hostname}</value>
<status status="PASS" start="2025-09-28T21:21:08.674467" elapsed="0.000036"/>
</return>
<msg time="2025-09-28T21:21:08.674605" level="INFO">${hostname} = ArunSidharrth</msg>
<var>${hostname}</var>
<status status="PASS" start="2025-09-28T21:21:08.568395" elapsed="0.106226"/>
</kw>
<kw name="Catenate" owner="BuiltIn">
<msg time="2025-09-28T21:21:08.675607" level="INFO">${index_content} = &lt;!DOCTYPE html&gt;
&lt;html lang="en"&gt;
&lt;head&gt;
&lt;meta charset="UTF-8"&gt;
&lt;meta name="viewport" content="width=device-width, initial-scale=1.0"&gt;
&lt;title&gt;🌐 Network Validation Reports Hub&lt;/title&gt;
&lt;style&gt;
* { margin...</msg>
<var>${index_content}</var>
<arg>SEPARATOR=\n</arg>
<arg>&lt;!DOCTYPE html&gt;</arg>
<arg>&lt;html lang="en"&gt;</arg>
<arg>&lt;head&gt;</arg>
<arg>&lt;meta charset="UTF-8"&gt;</arg>
<arg>&lt;meta name="viewport" content="width=device-width, initial-scale=1.0"&gt;</arg>
<arg>&lt;title&gt;🌐 Network Validation Reports Hub&lt;/title&gt;</arg>
<arg>&lt;style&gt;</arg>
<arg>* { margin: 0; padding: 0; box-sizing: border-box; }</arg>
<arg>body { font-family: 'Segoe UI', Tahoma, Geneva, Verdana, sans-serif; background: linear-gradient(135deg, #667eea 0%, #764ba2 100%); min-height: 100vh; padding: 20px; }</arg>
<arg>.container { max-width: 1000px; margin: 0 auto; background: white; border-radius: 15px; box-shadow: 0 10px 30px rgba(0,0,0,0.3); overflow: hidden; }</arg>
<arg>.header { background: linear-gradient(45deg, #2196F3, #21CBF3); color: white; padding: 30px; text-align: center; }</arg>
<arg>.header h1 { font-size: 2.5em; text-shadow: 2px 2px 4px rgba(0,0,0,0.3); margin-bottom: 10px; }</arg>
<arg>.header p { font-size: 1.2em; opacity: 0.9; }</arg>
<arg>.content { padding: 40px; }</arg>
<arg>.reports-grid { display: grid; grid-template-columns: repeat(auto-fit, minmax(300px, 1fr)); gap: 25px; margin: 30px 0; }</arg>
<arg>.report-card { background: #f8f9fa; border-radius: 12px; padding: 25px; box-shadow: 0 4px 15px rgba(0,0,0,0.1); transition: transform 0.3s ease, box-shadow 0.3s ease; }</arg>
<arg>.report-card:hover { transform: translateY(-5px); box-shadow: 0 8px 25px rgba(0,0,0,0.15); }</arg>
<arg>.report-card h3 { margin: 0 0 15px 0; color: #2196F3; font-size: 1.4em; display: flex; align-items: center; }</arg>
<arg>.report-card h3::before { margin-right: 10px; font-size: 1.2em; }</arg>
<arg>.report-card p { margin: 0 0 20px 0; color: #666; line-height: 1.6; }</arg>
<arg>.btn { display: inline-block; padding: 12px 25px; background: linear-gradient(45deg, #2196F3, #21CBF3); color: white; text-decoration: none; border-radius: 8px; font-weight: 600; transition: all 0.3s ease; text-align: center; }</arg>
<arg>.btn:hover { transform: scale(1.05); box-shadow: 0 4px 15px rgba(33, 150, 243, 0.4); }</arg>
<arg>.stats { display: grid; grid-template-columns: repeat(auto-fit, minmax(200px, 1fr)); gap: 20px; margin: 30px 0; }</arg>
<arg>.stat-card { text-align: center; padding: 20px; background: linear-gradient(135deg, #667eea 0%, #764ba2 100%); color: white; border-radius: 12px; box-shadow: 0 4px 15px rgba(0,0,0,0.1); }</arg>
<arg>.stat-number { font-size: 2.5em; font-weight: bold; margin: 10px 0; }</arg>
<arg>.stat-label { font-size: 1.1em; opacity: 0.9; }</arg>
<arg>.footer { text-align: center; padding: 20px; color: #666; background: #f8f9fa; border-top: 1px solid #e9ecef; }</arg>
<arg>.enhanced { border-left: 4px solid #28a745; }</arg>
<arg>.standard { border-left: 4px solid #2196F3; }</arg>
<arg>.data { border-left: 4px solid #ff9800; }</arg>
<arg>&lt;/style&gt;</arg>
<arg>&lt;/head&gt;</arg>
<arg>&lt;body&gt;</arg>
<arg>&lt;div class="container"&gt;</arg>
<arg>&lt;div class="header"&gt;</arg>
<arg>&lt;h1&gt;🌐 Network Validation Reports Hub&lt;/h1&gt;</arg>
<arg>&lt;p&gt;All Test Reports &amp; Data in One Place&lt;/p&gt;</arg>
<arg>&lt;p&gt;Generated on ${current_date}&lt;/p&gt;</arg>
<arg>&lt;/div&gt;</arg>
<arg>&lt;div class="content"&gt;</arg>
<arg>&lt;div class="stats"&gt;</arg>
<arg>&lt;div class="stat-card"&gt;</arg>
<arg>&lt;div class="stat-number"&gt;${TOTAL_TESTS}&lt;/div&gt;</arg>
<arg>&lt;div class="stat-label"&gt;Total Tests&lt;/div&gt;</arg>
<arg>&lt;/div&gt;</arg>
<arg>&lt;div class="stat-card"&gt;</arg>
<arg>&lt;div class="stat-number"&gt;${PASSED_TESTS}&lt;/div&gt;</arg>
<arg>&lt;div class="stat-label"&gt;Tests Passed&lt;/div&gt;</arg>
<arg>&lt;/div&gt;</arg>
<arg>&lt;div class="stat-card"&gt;</arg>
<arg>&lt;div class="stat-number"&gt;100%&lt;/div&gt;</arg>
<arg>&lt;div class="stat-label"&gt;Success Rate&lt;/div&gt;</arg>
<arg>&lt;/div&gt;</arg>
<arg>&lt;div class="stat-card"&gt;</arg>
<arg>&lt;div class="stat-number"&gt;🏆&lt;/div&gt;</arg>
<arg>&lt;div class="stat-label"&gt;Status: VALIDATED&lt;/div&gt;</arg>
<arg>&lt;/div&gt;</arg>
<arg>&lt;/div&gt;</arg>
<arg>&lt;div class="reports-grid"&gt;</arg>
<arg>&lt;div class="report-card enhanced"&gt;</arg>
<arg>&lt;h3&gt;🎨 Enhanced Dashboard&lt;/h3&gt;</arg>
<arg>&lt;p&gt;Professional executive dashboard with comprehensive metrics, performance data, and visual indicators.&lt;/p&gt;</arg>
<arg>&lt;a href="enhanced_dashboard_${timestamp}.html" class="btn"&gt;View Dashboard&lt;/a&gt;</arg>
<arg>&lt;/div&gt;</arg>
<arg>&lt;div class="report-card standard"&gt;</arg>
<arg>&lt;h3&gt;📊 Robot Framework Report&lt;/h3&gt;</arg>
<arg>&lt;p&gt;Standard Robot Framework test execution report with summary statistics and test case results.&lt;/p&gt;</arg>
<arg>&lt;a href="report.html" class="btn"&gt;View Report&lt;/a&gt;</arg>
<arg>&lt;/div&gt;</arg>
<arg>&lt;div class="report-card standard"&gt;</arg>
<arg>&lt;h3&gt;🔍 Detailed Test Log&lt;/h3&gt;</arg>
<arg>&lt;p&gt;Comprehensive test execution log with step-by-step details, keywords, and diagnostic information.&lt;/p&gt;</arg>
<arg>&lt;a href="log.html" class="btn"&gt;View Log&lt;/a&gt;</arg>
<arg>&lt;/div&gt;</arg>
<arg>&lt;div class="report-card data"&gt;</arg>
<arg>&lt;h3&gt;📈 Performance Metrics&lt;/h3&gt;</arg>
<arg>&lt;p&gt;Raw performance data and metrics in JSON format for programmatic access and analysis.&lt;/p&gt;</arg>
<arg>&lt;a href="data/test_metrics_${timestamp}.json" class="btn"&gt;Download JSON&lt;/a&gt;</arg>
<arg>&lt;/div&gt;</arg>
<arg>&lt;div class="report-card data"&gt;</arg>
<arg>&lt;h3&gt;📄 Executive Summary&lt;/h3&gt;</arg>
<arg>&lt;p&gt;Text-based executive summary with key findings and assessment results.&lt;/p&gt;</arg>
<arg>&lt;a href="executive_summary_${timestamp}.txt" class="btn"&gt;View Summary&lt;/a&gt;</arg>
<arg>&lt;/div&gt;</arg>
<arg>&lt;div class="report-card data"&gt;</arg>
<arg>&lt;h3&gt;🔧 Raw Test Data (XML)&lt;/h3&gt;</arg>
<arg>&lt;p&gt;Machine-readable test results in XML format for CI/CD integration and automated processing.&lt;/p&gt;</arg>
<arg>&lt;a href="output.xml" class="btn"&gt;Download XML&lt;/a&gt;</arg>
<arg>&lt;/div&gt;</arg>
<arg>&lt;/div&gt;</arg>
<arg>&lt;div style="margin-top: 30px; padding: 20px; background: #e3f2fd; border-radius: 8px;"&gt;</arg>
<arg>&lt;h3 style="color: #2196F3; margin-bottom: 15px;"&gt;🚀 Quick Access&lt;/h3&gt;</arg>
<arg>&lt;p&gt;&lt;strong&gt;Latest Dashboard:&lt;/strong&gt; &lt;a href="latest_dashboard.html" style="color: #2196F3;"&gt;latest_dashboard.html&lt;/a&gt;&lt;/p&gt;</arg>
<arg>&lt;p&gt;&lt;strong&gt;Run Command:&lt;/strong&gt; &lt;code style="background: #f5f5f5; padding: 2px 6px; border-radius: 3px;"&gt;robot network_validation.robot&lt;/code&gt;&lt;/p&gt;</arg>
<arg>&lt;/div&gt;</arg>
<arg>&lt;/div&gt;</arg>
<arg>&lt;div class="footer"&gt;</arg>
<arg>&lt;p&gt;🤖 Generated by Robot Framework | 🌐 Network Validation Test Suite v${TEST_VERSION}&lt;/p&gt;</arg>
<arg>&lt;p&gt;Hostname: ${hostname} | Timestamp: ${timestamp}&lt;/p&gt;</arg>
<arg>&lt;/div&gt;</arg>
<arg>&lt;/div&gt;</arg>
<arg>&lt;/body&gt;</arg>
<arg>&lt;/html&gt;</arg>
<doc>Catenates the given items together and returns the resulted string.</doc>
<status status="PASS" start="2025-09-28T21:21:08.674699" elapsed="0.000941"/>
</kw>
<kw name="Create File" owner="OperatingSystem">
<msg time="2025-09-28T21:21:08.680931" level="INFO" html="true">Created file '&lt;a href="file:///mnt/c/Users/write/robot/robotframework/results/index.html"&gt;/mnt/c/Users/write/robot/robotframework/results/index.html&lt;/a&gt;'.</msg>
<arg>${REPORTS_DIR}/index.html</arg>
<arg>${index_content}</arg>
<doc>Creates a file with the given content and encoding.</doc>
<status status="PASS" start="2025-09-28T21:21:08.676451" elapsed="0.004605"/>
</kw>
<arg>${timestamp}</arg>
<doc>🎯 Creates a unified index page linking to all report types</doc>
<status status="PASS" start="2025-09-28T21:21:08.567830" elapsed="0.113315"/>
</kw>
<arg>${timestamp}</arg>
<arg>${duration}</arg>
<arg>${success_rate}</arg>
<arg>${failed_count}</arg>
<doc>🎨 Creates a comprehensive HTML dashboard with all test results and metrics</doc>
<status status="PASS" start="2025-09-28T21:21:08.338076" elapsed="0.343123"/>
</kw>
<kw name="Log To Console" owner="BuiltIn">
<arg>\n🎯 ═══════════════════════════════════════════════════════════════</arg>
<doc>Logs the given message to the console.</doc>
<status status="PASS" start="2025-09-28T21:21:08.681353" elapsed="0.000203"/>
</kw>
<kw name="Log To Console" owner="BuiltIn">
<arg>📊 EXECUTIVE SUMMARY - NETWORK VALIDATION TEST-3</arg>
<doc>Logs the given message to the console.</doc>
<status status="PASS" start="2025-09-28T21:21:08.681675" elapsed="0.000127"/>
</kw>
<kw name="Log To Console" owner="BuiltIn">
<arg>═══════════════════════════════════════════════════════════════</arg>
<doc>Logs the given message to the console.</doc>
<status status="PASS" start="2025-09-28T21:21:08.681896" elapsed="0.001197"/>
</kw>
<kw name="Log To Console" owner="BuiltIn">
<arg>⏱️ Duration: ${duration} seconds</arg>
<doc>Logs the given message to the console.</doc>
<status status="PASS" start="2025-09-28T21:21:08.683193" elapsed="0.000168"/>
</kw>
<kw name="Log To Console" owner="BuiltIn">
<arg>📈 Success Rate: ${success_rate}% (${PASSED_TESTS}/${TOTAL_TESTS})</arg>
<doc>Logs the given message to the console.</doc>
<status status="PASS" start="2025-09-28T21:21:08.683444" elapsed="0.000195"/>
</kw>
<kw name="Log To Console" owner="BuiltIn">
<arg>🔍 Tests Passed: ${PASSED_TESTS}</arg>
<doc>Logs the given message to the console.</doc>
<status status="PASS" start="2025-09-28T21:21:08.683719" elapsed="0.000142"/>
</kw>
<kw name="Log To Console" owner="BuiltIn">
<arg>❌ Tests Failed: ${failed_count}</arg>
<doc>Logs the given message to the console.</doc>
<status status="PASS" start="2025-09-28T21:21:08.683941" elapsed="0.000141"/>
</kw>
<kw name="Log To Console" owner="BuiltIn">
<arg>🏆 Overall Status: NETWORK INFRASTRUCTURE VALIDATED ✅</arg>
<doc>Logs the given message to the console.</doc>
<status status="PASS" start="2025-09-28T21:21:08.684162" elapsed="0.000160"/>
</kw>
<kw name="Log To Console" owner="BuiltIn">
<arg>📊 Enhanced HTML Dashboard: ${REPORTS_DIR}/enhanced_dashboard_${timestamp}.html</arg>
<doc>Logs the given message to the console.</doc>
<status status="PASS" start="2025-09-28T21:21:08.684774" elapsed="0.000196"/>
</kw>
<kw name="Log To Console" owner="BuiltIn">
<arg>📁 Data Files: ${DATA_DIR}/</arg>
<doc>Logs the given message to the console.</doc>
<status status="PASS" start="2025-09-28T21:21:08.685061" elapsed="0.000153"/>
</kw>
<kw name="Log To Console" owner="BuiltIn">
<arg>═══════════════════════════════════════════════════════════════</arg>
<doc>Logs the given message to the console.</doc>
<status status="PASS" start="2025-09-28T21:21:08.685297" elapsed="0.000117"/>
</kw>
<kw name="Log" owner="BuiltIn">
<msg time="2025-09-28T21:21:08.685589" level="INFO" html="true">&lt;h3&gt;🎯 Test Execution Summary&lt;/h3&gt;</msg>
<arg>&lt;h3&gt;🎯 Test Execution Summary&lt;/h3&gt;</arg>
<arg>HTML</arg>
<doc>Logs the given message with the given level.</doc>
<status status="PASS" start="2025-09-28T21:21:08.685499" elapsed="0.000126"/>
</kw>
<kw name="Log" owner="BuiltIn">
<msg time="2025-09-28T21:21:08.685775" level="INFO" html="true">&lt;table border="1" style="border-collapse:collapse;width:100%;"&gt;</msg>
<arg>&lt;table border="1" style="border-collapse:collapse;width:100%;"&gt;</arg>
<arg>HTML</arg>
<doc>Logs the given message with the given level.</doc>
<status status="PASS" start="2025-09-28T21:21:08.685702" elapsed="0.000101"/>
</kw>
<kw name="Log" owner="BuiltIn">
<msg time="2025-09-28T21:21:08.685937" level="INFO" html="true">&lt;tr style="background:#2196F3;color:white;"&gt;&lt;th&gt;Metric&lt;/th&gt;&lt;th&gt;Value&lt;/th&gt;&lt;/tr&gt;</msg>
<arg>&lt;tr style="background:#2196F3;color:white;"&gt;&lt;th&gt;Metric&lt;/th&gt;&lt;th&gt;Value&lt;/th&gt;&lt;/tr&gt;</arg>
<arg>HTML</arg>
<doc>Logs the given message with the given level.</doc>
<status status="PASS" start="2025-09-28T21:21:08.685872" elapsed="0.000092"/>
</kw>
<kw name="Log" owner="BuiltIn">
<msg time="2025-09-28T21:21:08.686120" level="INFO" html="true">&lt;tr&gt;&lt;td&gt;Total Tests&lt;/td&gt;&lt;td&gt;0&lt;/td&gt;&lt;/tr&gt;</msg>
<arg>&lt;tr&gt;&lt;td&gt;Total Tests&lt;/td&gt;&lt;td&gt;${TOTAL_TESTS}&lt;/td&gt;&lt;/tr&gt;</arg>
<arg>HTML</arg>
<doc>Logs the given message with the given level.</doc>
<status status="PASS" start="2025-09-28T21:21:08.686030" elapsed="0.000162"/>
</kw>
<kw name="Log" owner="BuiltIn">
<msg time="2025-09-28T21:21:08.686365" level="INFO" html="true">&lt;tr&gt;&lt;td&gt;Passed Tests&lt;/td&gt;&lt;td style="color:green;font-weight:bold;"&gt;0&lt;/td&gt;&lt;/tr&gt;</msg>
<arg>&lt;tr&gt;&lt;td&gt;Passed Tests&lt;/td&gt;&lt;td style="color:green;font-weight:bold;"&gt;${PASSED_TESTS}&lt;/td&gt;&lt;/tr&gt;</arg>
<arg>HTML</arg>
<doc>Logs the given message with the given level.</doc>
<status status="PASS" start="2025-09-28T21:21:08.686262" elapsed="0.000130"/>
</kw>
<kw name="Log" owner="BuiltIn">
<msg time="2025-09-28T21:21:08.686626" level="INFO" html="true">&lt;tr&gt;&lt;td&gt;Success Rate&lt;/td&gt;&lt;td style="color:green;font-weight:bold;"&gt;0%&lt;/td&gt;&lt;/tr&gt;</msg>
<arg>&lt;tr&gt;&lt;td&gt;Success Rate&lt;/td&gt;&lt;td style="color:green;font-weight:bold;"&gt;${success_rate}%&lt;/td&gt;&lt;/tr&gt;</arg>
<arg>HTML</arg>
<doc>Logs the given message with the given level.</doc>
<status status="PASS" start="2025-09-28T21:21:08.686496" elapsed="0.000163"/>
</kw>
<kw name="Log" owner="BuiltIn">
<msg time="2025-09-28T21:21:08.686831" level="INFO" html="true">&lt;tr&gt;&lt;td&gt;Duration&lt;/td&gt;&lt;td&gt;26.0 seconds&lt;/td&gt;&lt;/tr&gt;</msg>
<arg>&lt;tr&gt;&lt;td&gt;Duration&lt;/td&gt;&lt;td&gt;${duration} seconds&lt;/td&gt;&lt;/tr&gt;</arg>
<arg>HTML</arg>
<doc>Logs the given message with the given level.</doc>
<status status="PASS" start="2025-09-28T21:21:08.686736" elapsed="0.000124"/>
</kw>
<kw name="Log" owner="BuiltIn">
<msg time="2025-09-28T21:21:08.686992" level="INFO" html="true">&lt;/table&gt;</msg>
<arg>&lt;/table&gt;</arg>
<arg>HTML</arg>
<doc>Logs the given message with the given level.</doc>
<status status="PASS" start="2025-09-28T21:21:08.686929" elapsed="0.000089"/>
</kw>
<doc>🎯 Generates comprehensive executive summary with integrated enhanced HTML reporting</doc>
<status status="PASS" start="2025-09-28T21:21:08.310261" elapsed="0.376802"/>
</kw>
<doc>🌐 Network Validation Test Suite - Test-3
Comprehensive networking validation with executive reporting
✨ Features: DNS resolution, connectivity, performance, and compliance testing
📊 Results: Unified HTML reports with enhanced dashboard
🎯 Run with: robot network_validation.robot</doc>
<meta name="Environment">Production-Ready</meta>
<meta name="Features">DNS, Connectivity, Performance, Routing</meta>
<meta name="Reporting">Unified HTML Reports + Enhanced Dashboard</meta>
<meta name="Test Suite">Network Validation Test-3</meta>
<meta name="Version">1.0.0</meta>
<status status="FAIL" start="2025-09-28T21:20:42.440708" elapsed="26.246379"/>
</suite>
<statistics>
<total>
<stat pass="6" fail="2" skip="0">All Tests</stat>
</total>
<tag>
<stat pass="6" fail="2" skip="0">automated</stat>
<stat pass="1" fail="0" skip="0">baseline</stat>
<stat pass="1" fail="1" skip="0">compliance</stat>
<stat pass="1" fail="0" skip="0">comprehensive</stat>
<stat pass="0" fail="1" skip="0">connection</stat>
<stat pass="1" fail="0" skip="0">connectivity</stat>
<stat pass="4" fail="2" skip="0">critical</stat>
<stat pass="1" fail="0" skip="0">data-collection</stat>
<stat pass="1" fail="0" skip="0">dns</stat>
<stat pass="0" fail="1" skip="0">eds</stat>
<stat pass="1" fail="0" skip="0">infrastructure</stat>
<stat pass="1" fail="0" skip="0">interface</stat>
<stat pass="1" fail="0" skip="0">monitoring</stat>
<stat pass="6" fail="2" skip="0">networking</stat>
<stat pass="2" fail="0" skip="0">normal</stat>
<stat pass="2" fail="0" skip="0">performance</stat>
<stat pass="0" fail="1" skip="0">remote</stat>
<stat pass="1" fail="0" skip="0">resolution</stat>
<stat pass="1" fail="0" skip="0">routing</stat>
<stat pass="0" fail="1" skip="0">ssh</stat>
<stat pass="0" fail="1" skip="0">validation</stat>
<stat pass="0" fail="1" skip="0">winrm</stat>
</tag>
<suite>
<stat name="Network Validation" id="s1" pass="6" fail="2" skip="0">Network Validation</stat>
</suite>
</statistics>
<errors>
<msg time="2025-09-28T21:21:06.288519" level="WARN">Warning: Windows interface configuration returned non-zero exit code: 127</msg>
<msg time="2025-09-28T21:21:06.396631" level="WARN">Warning: Windows routing table returned non-zero exit code: 127</msg>
<msg time="2025-09-28T21:21:06.504151" level="WARN">Warning: Windows DNS resolution test returned non-zero exit code: 127</msg>
<msg time="2025-09-28T21:21:06.611992" level="WARN">Warning: Windows time service status returned non-zero exit code: 127</msg>
<msg time="2025-09-28T21:21:07.560041" level="WARN">Warning: Windows interface configuration returned non-zero exit code: 127</msg>
<msg time="2025-09-28T21:21:07.666643" level="WARN">Warning: Windows routing table returned non-zero exit code: 127</msg>
<msg time="2025-09-28T21:21:07.772842" level="WARN">Warning: Windows DNS resolution test returned non-zero exit code: 127</msg>
<msg time="2025-09-28T21:21:07.879043" level="WARN">Warning: Windows time service status returned non-zero exit code: 127</msg>
</errors>
</robot>
